8.8s 1 Template variables defined.
13.9s 2 [33mWARNING: Running pip as the 'root' user can result in broken permissions and conflicting behaviour with the system package manager, possibly rendering your system unusable. It is recommended to use a virtual environment instead: https://pip.pypa.io/warnings/venv. Use the --root-user-action option if you know what you are doing and want to suppress this warning.[0m[33m
14.0s 3 [0m
14.0s 4 [1m[[0m[34;49mnotice[0m[1;39;49m][0m[39;49m A new release of pip is available: [0m[31;49m25.0.1[0m[39;49m -> [0m[32;49m25.3[0m
14.0s 5 [1m[[0m[34;49mnotice[0m[1;39;49m][0m[39;49m To update, run: [0m[32;49mpip install --upgrade pip[0m
15.0s 6 [33mWARNING: Running pip as the 'root' user can result in broken permissions and conflicting behaviour with the system package manager, possibly rendering your system unusable. It is recommended to use a virtual environment instead: https://pip.pypa.io/warnings/venv. Use the --root-user-action option if you know what you are doing and want to suppress this warning.[0m[33m
15.1s 7 [0m
15.1s 8 [1m[[0m[34;49mnotice[0m[1;39;49m][0m[39;49m A new release of pip is available: [0m[31;49m25.0.1[0m[39;49m -> [0m[32;49m25.3[0m
15.1s 9 [1m[[0m[34;49mnotice[0m[1;39;49m][0m[39;49m To update, run: [0m[32;49mpip install --upgrade pip[0m
16.0s 10 [33mWARNING: Running pip as the 'root' user can result in broken permissions and conflicting behaviour with the system package manager, possibly rendering your system unusable. It is recommended to use a virtual environment instead: https://pip.pypa.io/warnings/venv. Use the --root-user-action option if you know what you are doing and want to suppress this warning.[0m[33m
16.0s 11 [0m
16.0s 12 [1m[[0m[34;49mnotice[0m[1;39;49m][0m[39;49m A new release of pip is available: [0m[31;49m25.0.1[0m[39;49m -> [0m[32;49m25.3[0m
16.0s 13 [1m[[0m[34;49mnotice[0m[1;39;49m][0m[39;49m To update, run: [0m[32;49mpip install --upgrade pip[0m
17.0s 14 [33mWARNING: Running pip as the 'root' user can result in broken permissions and conflicting behaviour with the system package manager, possibly rendering your system unusable. It is recommended to use a virtual environment instead: https://pip.pypa.io/warnings/venv. Use the --root-user-action option if you know what you are doing and want to suppress this warning.[0m[33m
17.0s 15 [0m
17.0s 16 [1m[[0m[34;49mnotice[0m[1;39;49m][0m[39;49m A new release of pip is available: [0m[31;49m25.0.1[0m[39;49m -> [0m[32;49m25.3[0m
17.0s 17 [1m[[0m[34;49mnotice[0m[1;39;49m][0m[39;49m To update, run: [0m[32;49mpip install --upgrade pip[0m
18.1s 18 [33mWARNING: Running pip as the 'root' user can result in broken permissions and conflicting behaviour with the system package manager, possibly rendering your system unusable. It is recommended to use a virtual environment instead: https://pip.pypa.io/warnings/venv. Use the --root-user-action option if you know what you are doing and want to suppress this warning.[0m[33m
18.1s 19 [0m
18.1s 20 [1m[[0m[34;49mnotice[0m[1;39;49m][0m[39;49m A new release of pip is available: [0m[31;49m25.0.1[0m[39;49m -> [0m[32;49m25.3[0m
18.1s 21 [1m[[0m[34;49mnotice[0m[1;39;49m][0m[39;49m To update, run: [0m[32;49mpip install --upgrade pip[0m
19.0s 22 [33mWARNING: Running pip as the 'root' user can result in broken permissions and conflicting behaviour with the system package manager, possibly rendering your system unusable. It is recommended to use a virtual environment instead: https://pip.pypa.io/warnings/venv. Use the --root-user-action option if you know what you are doing and want to suppress this warning.[0m[33m
19.0s 23 [0m
19.0s 24 [1m[[0m[34;49mnotice[0m[1;39;49m][0m[39;49m A new release of pip is available: [0m[31;49m25.0.1[0m[39;49m -> [0m[32;49m25.3[0m
19.0s 25 [1m[[0m[34;49mnotice[0m[1;39;49m][0m[39;49m To update, run: [0m[32;49mpip install --upgrade pip[0m
20.1s 26 [33mWARNING: Running pip as the 'root' user can result in broken permissions and conflicting behaviour with the system package manager, possibly rendering your system unusable. It is recommended to use a virtual environment instead: https://pip.pypa.io/warnings/venv. Use the --root-user-action option if you know what you are doing and want to suppress this warning.[0m[33m
20.1s 27 [0m
20.1s 28 [1m[[0m[34;49mnotice[0m[1;39;49m][0m[39;49m A new release of pip is available: [0m[31;49m25.0.1[0m[39;49m -> [0m[32;49m25.3[0m
20.1s 29 [1m[[0m[34;49mnotice[0m[1;39;49m][0m[39;49m To update, run: [0m[32;49mpip install --upgrade pip[0m
21.0s 30 [33mWARNING: Running pip as the 'root' user can result in broken permissions and conflicting behaviour with the system package manager, possibly rendering your system unusable. It is recommended to use a virtual environment instead: https://pip.pypa.io/warnings/venv. Use the --root-user-action option if you know what you are doing and want to suppress this warning.[0m[33m
21.0s 31 [0m
21.0s 32 [1m[[0m[34;49mnotice[0m[1;39;49m][0m[39;49m A new release of pip is available: [0m[31;49m25.0.1[0m[39;49m -> [0m[32;49m25.3[0m
21.0s 33 [1m[[0m[34;49mnotice[0m[1;39;49m][0m[39;49m To update, run: [0m[32;49mpip install --upgrade pip[0m
21.6s 34 Collecting google-tunix==0.1.3 (from google-tunix[prod]==0.1.3)
21.7s 35 Downloading google_tunix-0.1.3-py3-none-any.whl.metadata (7.8 kB)
21.7s 36 Requirement already satisfied: datasets in /usr/local/lib/python3.12/site-packages (from google-tunix==0.1.3->google-tunix[prod]==0.1.3) (2.14.4)
21.7s 37 Requirement already satisfied: flax>=0.11.1 in /usr/local/lib/python3.12/site-packages (from google-tunix==0.1.3->google-tunix[prod]==0.1.3) (0.12.1)
21.7s 38 Collecting gcsfs (from google-tunix==0.1.3->google-tunix[prod]==0.1.3)
21.8s 39 Downloading gcsfs-2025.12.0-py3-none-any.whl.metadata (2.1 kB)
21.8s 40 Requirement already satisfied: grain in /usr/local/lib/python3.12/site-packages (from google-tunix==0.1.3->google-tunix[prod]==0.1.3) (0.2.15)
21.8s 41 Requirement already satisfied: huggingface_hub in /usr/local/lib/python3.12/site-packages (from google-tunix==0.1.3->google-tunix[prod]==0.1.3) (0.36.0)
21.8s 42 Requirement already satisfied: jaxtyping in /usr/local/lib/python3.12/site-packages (from google-tunix==0.1.3->google-tunix[prod]==0.1.3) (0.3.4)
21.8s 43 Requirement already satisfied: jinja2 in /usr/local/lib/python3.12/site-packages (from google-tunix==0.1.3->google-tunix[prod]==0.1.3) (3.1.6)
21.8s 44 Requirement already satisfied: kagglehub in /usr/local/lib/python3.12/site-packages (from google-tunix==0.1.3->google-tunix[prod]==0.1.3) (0.3.13)
21.8s 45 Requirement already satisfied: numba in /usr/local/lib/python3.12/site-packages (from google-tunix==0.1.3->google-tunix[prod]==0.1.3) (0.63.0b1)
21.8s 46 Requirement already satisfied: omegaconf in /usr/local/lib/python3.12/site-packages (from google-tunix==0.1.3->google-tunix[prod]==0.1.3) (2.4.0.dev4)
21.8s 47 Requirement already satisfied: python-dotenv in /usr/local/lib/python3.12/site-packages (from google-tunix==0.1.3->google-tunix[prod]==0.1.3) (1.2.1)
21.8s 48 Requirement already satisfied: qwix in /usr/local/lib/python3.12/site-packages (from google-tunix==0.1.3->google-tunix[prod]==0.1.3) (0.1.4)
21.8s 49 Requirement already satisfied: sentencepiece in /usr/local/lib/python3.12/site-packages (from google-tunix==0.1.3->google-tunix[prod]==0.1.3) (0.2.1)
21.8s 50 Requirement already satisfied: tensorboardX in /usr/local/lib/python3.12/site-packages (from google-tunix==0.1.3->google-tunix[prod]==0.1.3) (2.6.4)
21.8s 51 Requirement already satisfied: tensorflow_datasets in /usr/local/lib/python3.12/site-packages (from google-tunix==0.1.3->google-tunix[prod]==0.1.3) (4.9.9)
21.8s 52 Requirement already satisfied: tqdm in /usr/local/lib/python3.12/site-packages (from google-tunix==0.1.3->google-tunix[prod]==0.1.3) (4.67.1)
21.8s 53 Requirement already satisfied: transformers in /usr/local/lib/python3.12/site-packages (from google-tunix==0.1.3->google-tunix[prod]==0.1.3) (4.57.1)
21.8s 54 Requirement already satisfied: hf_transfer in /usr/local/lib/python3.12/site-packages (from google-tunix==0.1.3->google-tunix[prod]==0.1.3) (0.1.9)
21.8s 55 Requirement already satisfied: jax!=0.7.2,>=0.6.0 in /usr/local/lib/python3.12/site-packages (from jax[tpu]!=0.7.2,>=0.6.0; extra == "prod"->google-tunix[prod]==0.1.3) (0.8.1)
21.8s 56 Requirement already satisfied: numpy>=1.23.2 in /usr/local/lib/python3.12/site-packages (from flax>=0.11.1->google-tunix==0.1.3->google-tunix[prod]==0.1.3) (2.4.0rc1)
21.8s 57 Requirement already satisfied: msgpack in /usr/local/lib/python3.12/site-packages (from flax>=0.11.1->google-tunix==0.1.3->google-tunix[prod]==0.1.3) (1.1.2)
21.8s 58 Requirement already satisfied: optax in /usr/local/lib/python3.12/site-packages (from flax>=0.11.1->google-tunix==0.1.3->google-tunix[prod]==0.1.3) (0.2.6)
21.8s 59 Requirement already satisfied: orbax-checkpoint in /usr/local/lib/python3.12/site-packages (from flax>=0.11.1->google-tunix==0.1.3->google-tunix[prod]==0.1.3) (0.11.31)
21.8s 60 Requirement already satisfied: tensorstore in /usr/local/lib/python3.12/site-packages (from flax>=0.11.1->google-tunix==0.1.3->google-tunix[prod]==0.1.3) (0.1.80)
21.8s 61 Requirement already satisfied: rich>=11.1 in /usr/local/lib/python3.12/site-packages (from flax>=0.11.1->google-tunix==0.1.3->google-tunix[prod]==0.1.3) (14.2.0)
21.8s 62 Requirement already satisfied: typing_extensions>=4.2 in /usr/local/lib/python3.12/site-packages (from flax>=0.11.1->google-tunix==0.1.3->google-tunix[prod]==0.1.3) (4.15.0)
21.8s 63 Requirement already satisfied: PyYAML>=5.4.1 in /usr/local/lib/python3.12/site-packages (from flax>=0.11.1->google-tunix==0.1.3->google-tunix[prod]==0.1.3) (6.0.3)
21.8s 64 Requirement already satisfied: treescope>=0.1.7 in /usr/local/lib/python3.12/site-packages (from flax>=0.11.1->google-tunix==0.1.3->google-tunix[prod]==0.1.3) (0.1.10)
21.8s 65 Requirement already satisfied: jaxlib<=0.8.1,>=0.8.1 in /usr/local/lib/python3.12/site-packages (from jax!=0.7.2,>=0.6.0->jax[tpu]!=0.7.2,>=0.6.0; extra == "prod"->google-tunix[prod]==0.1.3) (0.8.1)
21.8s 66 Requirement already satisfied: ml_dtypes>=0.5.0 in /usr/local/lib/python3.12/site-packages (from jax!=0.7.2,>=0.6.0->jax[tpu]!=0.7.2,>=0.6.0; extra == "prod"->google-tunix[prod]==0.1.3) (0.5.4)
21.8s 67 Requirement already satisfied: opt_einsum in /usr/local/lib/python3.12/site-packages (from jax!=0.7.2,>=0.6.0->jax[tpu]!=0.7.2,>=0.6.0; extra == "prod"->google-tunix[prod]==0.1.3) (3.4.0)
21.8s 68 Requirement already satisfied: scipy>=1.13 in /usr/local/lib/python3.12/site-packages (from jax!=0.7.2,>=0.6.0->jax[tpu]!=0.7.2,>=0.6.0; extra == "prod"->google-tunix[prod]==0.1.3) (1.17.0rc1)
21.9s 69 Collecting libtpu==0.0.30.* (from jax[tpu]!=0.7.2,>=0.6.0; extra == "prod"->google-tunix[prod]==0.1.3)
21.9s 70 Downloading libtpu-0.0.30-cp312-cp312-manylinux_2_31_x86_64.whl.metadata (1.2 kB)
21.9s 71 Requirement already satisfied: requests in /usr/local/lib/python3.12/site-packages (from jax[tpu]!=0.7.2,>=0.6.0; extra == "prod"->google-tunix[prod]==0.1.3) (2.32.5)
21.9s 72 Requirement already satisfied: pyarrow>=8.0.0 in /usr/local/lib/python3.12/site-packages (from datasets->google-tunix==0.1.3->google-tunix[prod]==0.1.3) (22.0.0)
21.9s 73 Requirement already satisfied: dill<0.3.8,>=0.3.0 in /usr/local/lib/python3.12/site-packages (from datasets->google-tunix==0.1.3->google-tunix[prod]==0.1.3) (0.3.7)
21.9s 74 Requirement already satisfied: pandas in /usr/local/lib/python3.12/site-packages (from datasets->google-tunix==0.1.3->google-tunix[prod]==0.1.3) (3.0.0rc0)
21.9s 75 Requirement already satisfied: xxhash in /usr/local/lib/python3.12/site-packages (from datasets->google-tunix==0.1.3->google-tunix[prod]==0.1.3) (3.6.0)
21.9s 76 Requirement already satisfied: multiprocess in /usr/local/lib/python3.12/site-packages (from datasets->google-tunix==0.1.3->google-tunix[prod]==0.1.3) (0.70.15)
21.9s 77 Requirement already satisfied: fsspec>=2021.11.1 in /usr/local/lib/python3.12/site-packages (from fsspec[http]>=2021.11.1->datasets->google-tunix==0.1.3->google-tunix[prod]==0.1.3) (2025.12.0)
21.9s 78 Requirement already satisfied: aiohttp in /usr/local/lib/python3.12/site-packages (from datasets->google-tunix==0.1.3->google-tunix[prod]==0.1.3) (3.13.2)
21.9s 79 Requirement already satisfied: packaging in /usr/local/lib/python3.12/site-packages (from datasets->google-tunix==0.1.3->google-tunix[prod]==0.1.3) (25.0)
21.9s 80 Requirement already satisfied: filelock in /usr/local/lib/python3.12/site-packages (from huggingface_hub->google-tunix==0.1.3->google-tunix[prod]==0.1.3) (3.20.0)
21.9s 81 Requirement already satisfied: hf-xet<2.0.0,>=1.1.3 in /usr/local/lib/python3.12/site-packages (from huggingface_hub->google-tunix==0.1.3->google-tunix[prod]==0.1.3) (1.2.1rc0)
21.9s 82 Requirement already satisfied: decorator>4.1.2 in /usr/local/lib/python3.12/site-packages (from gcsfs->google-tunix==0.1.3->google-tunix[prod]==0.1.3) (5.2.1)
21.9s 83 Requirement already satisfied: google-auth>=1.2 in /usr/local/lib/python3.12/site-packages (from gcsfs->google-tunix==0.1.3->google-tunix[prod]==0.1.3) (2.44.0)
22.0s 84 Collecting google-auth-oauthlib (from gcsfs->google-tunix==0.1.3->google-tunix[prod]==0.1.3)
22.0s 85 Downloading google_auth_oauthlib-1.2.3-py3-none-any.whl.metadata (3.1 kB)
22.0s 86 Collecting google-cloud-storage (from gcsfs->google-tunix==0.1.3->google-tunix[prod]==0.1.3)
22.0s 87 Downloading google_cloud_storage-3.7.0-py3-none-any.whl.metadata (14 kB)
22.1s 88 Collecting google-cloud-storage-control (from gcsfs->google-tunix==0.1.3->google-tunix[prod]==0.1.3)
22.1s 89 Downloading google_cloud_storage_control-1.8.0-py3-none-any.whl.metadata (10 kB)
22.1s 90 Requirement already satisfied: absl-py in /usr/local/lib/python3.12/site-packages (from grain->google-tunix==0.1.3->google-tunix[prod]==0.1.3) (2.3.1)
22.1s 91 Requirement already satisfied: array-record>=0.8.1 in /usr/local/lib/python3.12/site-packages (from grain->google-tunix==0.1.3->google-tunix[prod]==0.1.3) (0.8.3)
22.1s 92 Requirement already satisfied: cloudpickle in /usr/local/lib/python3.12/site-packages (from grain->google-tunix==0.1.3->google-tunix[prod]==0.1.3) (3.1.2)
22.1s 93 Requirement already satisfied: etils[epath,epy] in /usr/local/lib/python3.12/site-packages (from grain->google-tunix==0.1.3->google-tunix[prod]==0.1.3) (1.13.0)
22.1s 94 Requirement already satisfied: protobuf>=5.28.3 in /usr/local/lib/python3.12/site-packages (from grain->google-tunix==0.1.3->google-tunix[prod]==0.1.3) (6.33.2)
22.1s 95 Requirement already satisfied: wadler-lindig>=0.1.3 in /usr/local/lib/python3.12/site-packages (from jaxtyping->google-tunix==0.1.3->google-tunix[prod]==0.1.3) (0.1.7)
22.1s 96 Requirement already satisfied: MarkupSafe>=2.0 in /usr/local/lib/python3.12/site-packages (from jinja2->google-tunix==0.1.3->google-tunix[prod]==0.1.3) (3.0.3)
22.1s 97 Requirement already satisfied: llvmlite<0.47,>=0.46.0dev0 in /usr/local/lib/python3.12/site-packages (from numba->google-tunix==0.1.3->google-tunix[prod]==0.1.3) (0.46.0)
22.2s 98 Requirement already satisfied: dm-tree in /usr/local/lib/python3.12/site-packages (from tensorflow_datasets->google-tunix==0.1.3->google-tunix[prod]==0.1.3) (0.1.9)
22.2s 99 Requirement already satisfied: immutabledict in /usr/local/lib/python3.12/site-packages (from tensorflow_datasets->google-tunix==0.1.3->google-tunix[prod]==0.1.3) (4.2.2)
22.2s 100 Requirement already satisfied: promise in /usr/local/lib/python3.12/site-packages (from tensorflow_datasets->google-tunix==0.1.3->google-tunix[prod]==0.1.3) (2.3)
22.2s 101 Requirement already satisfied: psutil in /usr/local/lib/python3.12/site-packages (from tensorflow_datasets->google-tunix==0.1.3->google-tunix[prod]==0.1.3) (7.1.3)
22.2s 102 Requirement already satisfied: simple_parsing in /usr/local/lib/python3.12/site-packages (from tensorflow_datasets->google-tunix==0.1.3->google-tunix[prod]==0.1.3) (0.1.7)
22.2s 103 Requirement already satisfied: tensorflow-metadata in /usr/local/lib/python3.12/site-packages (from tensorflow_datasets->google-tunix==0.1.3->google-tunix[prod]==0.1.3) (1.17.2)
22.2s 104 Requirement already satisfied: termcolor in /usr/local/lib/python3.12/site-packages (from tensorflow_datasets->google-tunix==0.1.3->google-tunix[prod]==0.1.3) (3.2.0)
22.2s 105 Requirement already satisfied: toml in /usr/local/lib/python3.12/site-packages (from tensorflow_datasets->google-tunix==0.1.3->google-tunix[prod]==0.1.3) (0.10.2)
22.2s 106 Requirement already satisfied: wrapt in /usr/local/lib/python3.12/site-packages (from tensorflow_datasets->google-tunix==0.1.3->google-tunix[prod]==0.1.3) (2.0.1)
22.2s 107 Requirement already satisfied: regex!=2019.12.17 in /usr/local/lib/python3.12/site-packages (from transformers->google-tunix==0.1.3->google-tunix[prod]==0.1.3) (2025.11.3)
22.2s 108 Requirement already satisfied: tokenizers<=0.23.0,>=0.22.0 in /usr/local/lib/python3.12/site-packages (from transformers->google-tunix==0.1.3->google-tunix[prod]==0.1.3) (0.22.2rc0)
22.2s 109 Requirement already satisfied: safetensors>=0.4.3 in /usr/local/lib/python3.12/site-packages (from transformers->google-tunix==0.1.3->google-tunix[prod]==0.1.3) (0.7.0)
22.2s 110 Requirement already satisfied: aiohappyeyeballs>=2.5.0 in /usr/local/lib/python3.12/site-packages (from aiohttp->datasets->google-tunix==0.1.3->google-tunix[prod]==0.1.3) (2.6.1)
22.2s 111 Requirement already satisfied: aiosignal>=1.4.0 in /usr/local/lib/python3.12/site-packages (from aiohttp->datasets->google-tunix==0.1.3->google-tunix[prod]==0.1.3) (1.4.0)
22.2s 112 Requirement already satisfied: attrs>=17.3.0 in /usr/local/lib/python3.12/site-packages (from aiohttp->datasets->google-tunix==0.1.3->google-tunix[prod]==0.1.3) (25.4.0)
22.2s 113 Requirement already satisfied: frozenlist>=1.1.1 in /usr/local/lib/python3.12/site-packages (from aiohttp->datasets->google-tunix==0.1.3->google-tunix[prod]==0.1.3) (1.8.0)
22.2s 114 Requirement already satisfied: multidict<7.0,>=4.5 in /usr/local/lib/python3.12/site-packages (from aiohttp->datasets->google-tunix==0.1.3->google-tunix[prod]==0.1.3) (6.7.0)
22.2s 115 Requirement already satisfied: propcache>=0.2.0 in /usr/local/lib/python3.12/site-packages (from aiohttp->datasets->google-tunix==0.1.3->google-tunix[prod]==0.1.3) (0.4.1)
22.2s 116 Requirement already satisfied: yarl<2.0,>=1.17.0 in /usr/local/lib/python3.12/site-packages (from aiohttp->datasets->google-tunix==0.1.3->google-tunix[prod]==0.1.3) (1.22.0)
22.2s 117 Requirement already satisfied: einops in /usr/local/lib/python3.12/site-packages (from etils[edc,enp,epath,epy,etree]>=1.9.1; python_version >= "3.11"->tensorflow_datasets->google-tunix==0.1.3->google-tunix[prod]==0.1.3) (0.8.1)
22.2s 118 Requirement already satisfied: importlib_resources in /usr/local/lib/python3.12/site-packages (from etils[edc,enp,epath,epy,etree]>=1.9.1; python_version >= "3.11"->tensorflow_datasets->google-tunix==0.1.3->google-tunix[prod]==0.1.3) (6.5.2)
22.2s 119 Requirement already satisfied: zipp in /usr/local/lib/python3.12/site-packages (from etils[edc,enp,epath,epy,etree]>=1.9.1; python_version >= "3.11"->tensorflow_datasets->google-tunix==0.1.3->google-tunix[prod]==0.1.3) (3.23.0)
22.2s 120 Requirement already satisfied: cachetools<7.0,>=2.0.0 in /usr/local/lib/python3.12/site-packages (from google-auth>=1.2->gcsfs->google-tunix==0.1.3->google-tunix[prod]==0.1.3) (6.2.4)
22.2s 121 Requirement already satisfied: pyasn1-modules>=0.2.1 in /usr/local/lib/python3.12/site-packages (from google-auth>=1.2->gcsfs->google-tunix==0.1.3->google-tunix[prod]==0.1.3) (0.4.2)
22.2s 122 Requirement already satisfied: rsa<5,>=3.1.4 in /usr/local/lib/python3.12/site-packages (from google-auth>=1.2->gcsfs->google-tunix==0.1.3->google-tunix[prod]==0.1.3) (4.9.1)
22.3s 123 Requirement already satisfied: charset_normalizer<4,>=2 in /usr/local/lib/python3.12/site-packages (from requests->jax[tpu]!=0.7.2,>=0.6.0; extra == "prod"->google-tunix[prod]==0.1.3) (3.4.4)
22.3s 124 Requirement already satisfied: idna<4,>=2.5 in /usr/local/lib/python3.12/site-packages (from requests->jax[tpu]!=0.7.2,>=0.6.0; extra == "prod"->google-tunix[prod]==0.1.3) (3.11)
22.3s 125 Requirement already satisfied: urllib3<3,>=1.21.1 in /usr/local/lib/python3.12/site-packages (from requests->jax[tpu]!=0.7.2,>=0.6.0; extra == "prod"->google-tunix[prod]==0.1.3) (2.6.2)
22.3s 126 Requirement already satisfied: certifi>=2017.4.17 in /usr/local/lib/python3.12/site-packages (from requests->jax[tpu]!=0.7.2,>=0.6.0; extra == "prod"->google-tunix[prod]==0.1.3) (2025.11.12)
22.3s 127 Requirement already satisfied: markdown-it-py>=2.2.0 in /usr/local/lib/python3.12/site-packages (from rich>=11.1->flax>=0.11.1->google-tunix==0.1.3->google-tunix[prod]==0.1.3) (4.0.0)
22.3s 128 Requirement already satisfied: pygments<3.0.0,>=2.13.0 in /usr/local/lib/python3.12/site-packages (from rich>=11.1->flax>=0.11.1->google-tunix==0.1.3->google-tunix[prod]==0.1.3) (2.19.2)
22.4s 129 Collecting google-auth>=1.2 (from gcsfs->google-tunix==0.1.3->google-tunix[prod]==0.1.3)
22.4s 130 Downloading google_auth-2.41.1-py2.py3-none-any.whl.metadata (6.6 kB)
22.4s 131 Collecting requests-oauthlib>=0.7.0 (from google-auth-oauthlib->gcsfs->google-tunix==0.1.3->google-tunix[prod]==0.1.3)
22.5s 132 Downloading requests_oauthlib-2.0.0-py2.py3-none-any.whl.metadata (11 kB)
22.5s 133 Requirement already satisfied: google-api-core<3.0.0,>=2.27.0 in /usr/local/lib/python3.12/site-packages (from google-cloud-storage->gcsfs->google-tunix==0.1.3->google-tunix[prod]==0.1.3) (2.28.1)
22.5s 134 Collecting google-cloud-core<3.0.0,>=2.4.2 (from google-cloud-storage->gcsfs->google-tunix==0.1.3->google-tunix[prod]==0.1.3)
22.5s 135 Downloading google_cloud_core-2.5.0-py3-none-any.whl.metadata (3.1 kB)
22.6s 136 Collecting google-resumable-media<3.0.0,>=2.7.2 (from google-cloud-storage->gcsfs->google-tunix==0.1.3->google-tunix[prod]==0.1.3)
22.6s 137 Downloading google_resumable_media-2.8.0-py3-none-any.whl.metadata (2.6 kB)
22.7s 138 Collecting google-crc32c<2.0.0,>=1.1.3 (from google-cloud-storage->gcsfs->google-tunix==0.1.3->google-tunix[prod]==0.1.3)
22.7s 139 Downloading google_crc32c-1.8.0-cp312-cp312-manylinux1_x86_64.manylinux2014_x86_64.manylinux_2_17_x86_64.manylinux_2_5_x86_64.whl.metadata (1.7 kB)
22.7s 140 Requirement already satisfied: grpcio<2.0.0,>=1.33.2 in /usr/local/lib/python3.12/site-packages (from google-cloud-storage-control->gcsfs->google-tunix==0.1.3->google-tunix[prod]==0.1.3) (1.76.0)
22.7s 141 Requirement already satisfied: proto-plus<2.0.0,>=1.22.3 in /usr/local/lib/python3.12/site-packages (from google-cloud-storage-control->gcsfs->google-tunix==0.1.3->google-tunix[prod]==0.1.3) (1.26.1)
22.8s 142 Collecting grpc-google-iam-v1<1.0.0,>=0.14.0 (from google-cloud-storage-control->gcsfs->google-tunix==0.1.3->google-tunix[prod]==0.1.3)
22.8s 143 Downloading grpc_google_iam_v1-0.14.3-py3-none-any.whl.metadata (9.2 kB)
22.8s 144 Requirement already satisfied: chex>=0.1.87 in /usr/local/lib/python3.12/site-packages (from optax->flax>=0.11.1->google-tunix==0.1.3->google-tunix[prod]==0.1.3) (0.1.91)
22.8s 145 Requirement already satisfied: nest_asyncio in /usr/local/lib/python3.12/site-packages (from orbax-checkpoint->flax>=0.11.1->google-tunix==0.1.3->google-tunix[prod]==0.1.3) (1.6.0)
22.8s 146 Requirement already satisfied: aiofiles in /usr/local/lib/python3.12/site-packages (from orbax-checkpoint->flax>=0.11.1->google-tunix==0.1.3->google-tunix[prod]==0.1.3) (25.1.0)
22.8s 147 Requirement already satisfied: humanize in /usr/local/lib/python3.12/site-packages (from orbax-checkpoint->flax>=0.11.1->google-tunix==0.1.3->google-tunix[prod]==0.1.3) (4.14.0)
22.8s 148 Requirement already satisfied: simplejson>=3.16.0 in /usr/local/lib/python3.12/site-packages (from orbax-checkpoint->flax>=0.11.1->google-tunix==0.1.3->google-tunix[prod]==0.1.3) (3.20.2)
22.8s 149 Requirement already satisfied: python-dateutil>=2.8.2 in /usr/local/lib/python3.12/site-packages (from pandas->datasets->google-tunix==0.1.3->google-tunix[prod]==0.1.3) (2.9.0.post0)
22.8s 150 Requirement already satisfied: tzdata>=2023.3 in /usr/local/lib/python3.12/site-packages (from pandas->datasets->google-tunix==0.1.3->google-tunix[prod]==0.1.3) (2025.3)
22.8s 151 Requirement already satisfied: six in /usr/local/lib/python3.12/site-packages (from promise->tensorflow_datasets->google-tunix==0.1.3->google-tunix[prod]==0.1.3) (1.17.0)
22.9s 152 Requirement already satisfied: docstring-parser<1.0,>=0.15 in /usr/local/lib/python3.12/site-packages (from simple_parsing->tensorflow_datasets->google-tunix==0.1.3->google-tunix[prod]==0.1.3) (0.17.0)
22.9s 153 Requirement already satisfied: googleapis-common-protos<2,>=1.56.4 in /usr/local/lib/python3.12/site-packages (from tensorflow-metadata->tensorflow_datasets->google-tunix==0.1.3->google-tunix[prod]==0.1.3) (1.72.0)
22.9s 154 Requirement already satisfied: toolz>=1.0.0 in /usr/local/lib/python3.12/site-packages (from chex>=0.1.87->optax->flax>=0.11.1->google-tunix==0.1.3->google-tunix[prod]==0.1.3) (1.1.0)
23.0s 155 Collecting grpcio-status<2.0.0,>=1.33.2 (from google-api-core[grpc]!=2.0.*,!=2.1.*,!=2.10.*,!=2.2.*,!=2.3.*,!=2.4.*,!=2.5.*,!=2.6.*,!=2.7.*,!=2.8.*,!=2.9.*,<3.0.0,>=1.34.1->google-cloud-storage-control->gcsfs->google-tunix==0.1.3->google-tunix[prod]==0.1.3)
23.0s 156 Downloading grpcio_status-1.76.0-py3-none-any.whl.metadata (1.1 kB)
23.0s 157 Requirement already satisfied: mdurl~=0.1 in /usr/local/lib/python3.12/site-packages (from markdown-it-py>=2.2.0->rich>=11.1->flax>=0.11.1->google-tunix==0.1.3->google-tunix[prod]==0.1.3) (0.1.2)
23.1s 158 Requirement already satisfied: pyasn1<0.7.0,>=0.6.1 in /usr/local/lib/python3.12/site-packages (from pyasn1-modules>=0.2.1->google-auth>=1.2->gcsfs->google-tunix==0.1.3->google-tunix[prod]==0.1.3) (0.6.1)
23.1s 159 Collecting oauthlib>=3.0.0 (from requests-oauthlib>=0.7.0->google-auth-oauthlib->gcsfs->google-tunix==0.1.3->google-tunix[prod]==0.1.3)
23.1s 160 Downloading oauthlib-3.3.1-py3-none-any.whl.metadata (7.9 kB)
23.2s 161 Downloading google_tunix-0.1.3-py3-none-any.whl (253 kB)
23.3s 162 Downloading libtpu-0.0.30-cp312-cp312-manylinux_2_31_x86_64.whl (192.7 MB)
28.1s 163 [?25l   [90mâ”â”â”â”â”â”â”â”â”â”â”â”â”â”â”â”â”â”â”â”â”â”â”â”â”â”â”â”â”â”â”â”â”â”â”â”â”â”â”â”[0m [32m0.0/192.7 MB[0m [31m?[0m eta [36m-:--:--[0m[2K   [91mâ”â”â”â”â”â”â”â”â”[0m[91mâ•¸[0m[90mâ”â”â”â”â”â”â”â”â”â”â”â”â”â”â”â”â”â”â”â”â”â”â”â”â”â”â”â”â”â”[0m [32m47.7/192.7 MB[0m [31m240.3 MB/s[0m eta [36m0:00:01[0m[2K   [91mâ”â”â”â”â”â”â”â”â”â”â”â”â”â”â”â”â”â”â”â”[0m[91mâ•¸[0m[90mâ”â”â”â”â”â”â”â”â”â”â”â”â”â”â”â”â”â”[0m [32m102.0/192.7 MB[0m [31m254.6 MB/s[0m eta [36m0:00:01[0m[2K   [91mâ”â”â”â”â”â”â”â”â”â”â”â”â”â”â”â”â”â”â”â”â”â”â”â”â”â”â”â”â”â”â”[0m[91mâ•¸[0m[90mâ”â”â”â”â”â”â”[0m [32m156.2/192.7 MB[0m [31m259.5 MB/s[0m eta [36m0:00:01[0m[2K   [91mâ”â”â”â”â”â”â”â”â”â”â”â”â”â”â”â”â”â”â”â”â”â”â”â”â”â”â”â”â”â”â”â”â”â”â”â”â”â”[0m[91mâ•¸[0m [32m192.7/192.7 MB[0m [31m260.9 MB/s[0m eta [36m0:00:01[0m[2K   [91mâ”â”â”â”â”â”â”â”â”â”â”â”â”â”â”â”â”â”â”â”â”â”â”â”â”â”â”â”â”â”â”â”â”â”â”â”â”â”[0m[91mâ•¸[0m [32m192.7/192.7 MB[0m [31m260.9 MB/s[0m eta [36m0:00:01[0m[2K   [91mâ”â”â”â”â”â”â”â”â”â”â”â”â”â”â”â”â”â”â”â”â”â”â”â”â”â”â”â”â”â”â”â”â”â”â”â”â”â”[0m[91mâ•¸[0m [32m192.7/192.7 MB[0m [31m260.9 MB/s[0m eta [36m0:00:01[0m[2K   [91mâ”â”â”â”â”â”â”â”â”â”â”â”â”â”â”â”â”â”â”â”â”â”â”â”â”â”â”â”â”â”â”â”â”â”â”â”â”â”[0m[91mâ•¸[0m [32m192.7/192.7 MB[0m [31m260.9 MB/s[0m eta [36m0:00:01[0m[2K   [91mâ”â”â”â”â”â”â”â”â”â”â”â”â”â”â”â”â”â”â”â”â”â”â”â”â”â”â”â”â”â”â”â”â”â”â”â”â”â”[0m[91mâ•¸[0m [32m192.7/192.7 MB[0m [31m260.9 MB/s[0m eta [36m0:00:01[0m[2K   [91mâ”â”â”â”â”â”â”â”â”â”â”â”â”â”â”â”â”â”â”â”â”â”â”â”â”â”â”â”â”â”â”â”â”â”â”â”â”â”[0m[91mâ•¸[0m [32m192.7/192.7 MB[0m [31m260.9 MB/s[0m eta [36m0:00:01[0m[2K   [91mâ”â”â”â”â”â”â”â”â”â”â”â”â”â”â”â”â”â”â”â”â”â”â”â”â”â”â”â”â”â”â”â”â”â”â”â”â”â”[0m[91mâ•¸[0m [32m192.7/192.7 MB[0m [31m260.9 MB/s[0m eta [36m0:00:01[0m[2K   [91mâ”â”â”â”â”â”â”â”â”â”â”â”â”â”â”â”â”â”â”â”â”â”â”â”â”â”â”â”â”â”â”â”â”â”â”â”â”â”[0m[91mâ•¸[0m [32m192.7/192.7 MB[0m [31m260.9 MB/s[0m eta [36m0:00:01[0m[2K   [91mâ”â”â”â”â”â”â”â”â”â”â”â”â”â”â”â”â”â”â”â”â”â”â”â”â”â”â”â”â”â”â”â”â”â”â”â”â”â”[0m[91mâ•¸[0m [32m192.7/192.7 MB[0m [31m260.9 MB/s[0m eta [36m0:00:01[0m[2K   [91mâ”â”â”â”â”â”â”â”â”â”â”â”â”â”â”â”â”â”â”â”â”â”â”â”â”â”â”â”â”â”â”â”â”â”â”â”â”â”[0m[91mâ•¸[0m [32m192.7/192.7 MB[0m [31m260.9 MB/s[0m eta [36m0:00:01[0m[2K   [91mâ”â”â”â”â”â”â”â”â”â”â”â”â”â”â”â”â”â”â”â”â”â”â”â”â”â”â”â”â”â”â”â”â”â”â”â”â”â”[0m[91mâ•¸[0m [32m192.7/192.7 MB[0m [31m260.9 MB/s[0m eta [36m0:00:01[0m[2K   [91mâ”â”â”â”â”â”â”â”â”â”â”â”â”â”â”â”â”â”â”â”â”â”â”â”â”â”â”â”â”â”â”â”â”â”â”â”â”â”[0m[91mâ•¸[0m [32m192.7/192.7 MB[0m [31m260.9 MB/s[0m eta [36m0:00:01[0m[2K   [91mâ”â”â”â”â”â”â”â”â”â”â”â”â”â”â”â”â”â”â”â”â”â”â”â”â”â”â”â”â”â”â”â”â”â”â”â”â”â”[0m[91mâ•¸[0m [32m192.7/192.7 MB[0m [31m260.9 MB/s[0m eta [36m0:00:01[0m[2K   [91mâ”â”â”â”â”â”â”â”â”â”â”â”â”â”â”â”â”â”â”â”â”â”â”â”â”â”â”â”â”â”â”â”â”â”â”â”â”â”[0m[91mâ•¸[0m [32m192.7/192.7 MB[0m [31m260.9 MB/s[0m eta [36m0:00:01[0m[2K   [91mâ”â”â”â”â”â”â”â”â”â”â”â”â”â”â”â”â”â”â”â”â”â”â”â”â”â”â”â”â”â”â”â”â”â”â”â”â”â”[0m[91mâ•¸[0m [32m192.7/192.7 MB[0m [31m260.9 MB/s[0m eta [36m0:00:01[0m[2K   [91mâ”â”â”â”â”â”â”â”â”â”â”â”â”â”â”â”â”â”â”â”â”â”â”â”â”â”â”â”â”â”â”â”â”â”â”â”â”â”[0m[91mâ•¸[0m [32m192.7/192.7 MB[0m [31m260.9 MB/s[0m eta [36m0:00:01[0m[2K   [91mâ”â”â”â”â”â”â”â”â”â”â”â”â”â”â”â”â”â”â”â”â”â”â”â”â”â”â”â”â”â”â”â”â”â”â”â”â”â”[0m[91mâ•¸[0m [32m192.7/192.7 MB[0m [31m260.9 MB/s[0m eta [36m0:00:01[0m[2K   [91mâ”â”â”â”â”â”â”â”â”â”â”â”â”â”â”â”â”â”â”â”â”â”â”â”â”â”â”â”â”â”â”â”â”â”â”â”â”â”[0m[91mâ•¸[0m [32m192.7/192.7 MB[0m [31m260.9 MB/s[0m eta [36m0:00:01[0m[2K   [91mâ”â”â”â”â”â”â”â”â”â”â”â”â”â”â”â”â”â”â”â”â”â”â”â”â”â”â”â”â”â”â”â”â”â”â”â”â”â”[0m[91mâ•¸[0m [32m192.7/192.7 MB[0m [31m260.9 MB/s[0m eta [36m0:00:01[0m[2K   [91mâ”â”â”â”â”â”â”â”â”â”â”â”â”â”â”â”â”â”â”â”â”â”â”â”â”â”â”â”â”â”â”â”â”â”â”â”â”â”[0m[91mâ•¸[0m [32m192.7/192.7 MB[0m [31m260.9 MB/s[0m eta [36m0:00:01[0m[2K   [90mâ”â”â”â”â”â”â”â”â”â”â”â”â”â”â”â”â”â”â”â”â”â”â”â”â”â”â”â”â”â”â”â”â”â”â”â”â”â”â”â”[0m [32m192.7/192.7 MB[0m [31m40.2 MB/s[0m eta [36m0:00:00[0m
28.1s 164 [?25hDownloading gcsfs-2025.12.0-py3-none-any.whl (41 kB)
28.3s 165 Downloading google_auth_oauthlib-1.2.3-py3-none-any.whl (19 kB)
28.3s 166 Downloading google_auth-2.41.1-py2.py3-none-any.whl (221 kB)
28.4s 167 Downloading google_cloud_storage-3.7.0-py3-none-any.whl (303 kB)
28.4s 168 Downloading google_cloud_storage_control-1.8.0-py3-none-any.whl (86 kB)
28.4s 169 Downloading google_cloud_core-2.5.0-py3-none-any.whl (29 kB)
28.4s 170 Downloading google_crc32c-1.8.0-cp312-cp312-manylinux1_x86_64.manylinux2014_x86_64.manylinux_2_17_x86_64.manylinux_2_5_x86_64.whl (33 kB)
28.5s 171 Downloading google_resumable_media-2.8.0-py3-none-any.whl (81 kB)
28.5s 172 Downloading grpc_google_iam_v1-0.14.3-py3-none-any.whl (32 kB)
28.5s 173 Downloading requests_oauthlib-2.0.0-py2.py3-none-any.whl (24 kB)
28.6s 174 Downloading grpcio_status-1.76.0-py3-none-any.whl (14 kB)
28.6s 175 Downloading oauthlib-3.3.1-py3-none-any.whl (160 kB)
29.2s 176 Installing collected packages: oauthlib, libtpu, google-crc32c, requests-oauthlib, grpcio-status, google-resumable-media, google-auth, grpc-google-iam-v1, google-auth-oauthlib, google-cloud-core, google-cloud-storage-control, google-cloud-storage, gcsfs, google-tunix
29.3s 177 Attempting uninstall: libtpu
29.3s 178 Found existing installation: libtpu 0.0.17
29.3s 179 Uninstalling libtpu-0.0.17:
31.7s 180 Successfully uninstalled libtpu-0.0.17
33.7s 181 Attempting uninstall: google-auth
33.8s 182 Found existing installation: google-auth 2.44.0
33.8s 183 Uninstalling google-auth-2.44.0:
33.9s 184 Successfully uninstalled google-auth-2.44.0
35.8s 185 Attempting uninstall: google-tunix
35.8s 186 Found existing installation: google-tunix 0.1.6
35.8s 187 Uninstalling google-tunix-0.1.6:
36.0s 188 Successfully uninstalled google-tunix-0.1.6
39.5s 189 Successfully installed gcsfs-2025.12.0 google-auth-2.41.1 google-auth-oauthlib-1.2.3 google-cloud-core-2.5.0 google-cloud-storage-3.7.0 google-cloud-storage-control-1.8.0 google-crc32c-1.8.0 google-resumable-media-2.8.0 google-tunix-0.1.3 grpc-google-iam-v1-0.14.3 grpcio-status-1.76.0 libtpu-0.0.30 oauthlib-3.3.1 requests-oauthlib-2.0.0
39.5s 190 [33mWARNING: Running pip as the 'root' user can result in broken permissions and conflicting behaviour with the system package manager, possibly rendering your system unusable. It is recommended to use a virtual environment instead: https://pip.pypa.io/warnings/venv. Use the --root-user-action option if you know what you are doing and want to suppress this warning.[0m[33m
39.6s 191 [0m
39.6s 192 [1m[[0m[34;49mnotice[0m[1;39;49m][0m[39;49m A new release of pip is available: [0m[31;49m25.0.1[0m[39;49m -> [0m[32;49m25.3[0m
39.6s 193 [1m[[0m[34;49mnotice[0m[1;39;49m][0m[39;49m To update, run: [0m[32;49mpip install --upgrade pip[0m
40.3s 194 [33mWARNING: Running pip as the 'root' user can result in broken permissions and conflicting behaviour with the system package manager, possibly rendering your system unusable. It is recommended to use a virtual environment instead: https://pip.pypa.io/warnings/venv. Use the --root-user-action option if you know what you are doing and want to suppress this warning.[0m[33m
40.9s 195 [0mCollecting flax==0.12.0
40.9s 196 Downloading flax-0.12.0-py3-none-any.whl.metadata (11 kB)
41.0s 197 Requirement already satisfied: numpy>=1.23.2 in /usr/local/lib/python3.12/site-packages (from flax==0.12.0) (2.4.0rc1)
41.0s 198 Requirement already satisfied: jax>=0.7.1 in /usr/local/lib/python3.12/site-packages (from flax==0.12.0) (0.8.1)
41.0s 199 Requirement already satisfied: msgpack in /usr/local/lib/python3.12/site-packages (from flax==0.12.0) (1.1.2)
41.0s 200 Requirement already satisfied: optax in /usr/local/lib/python3.12/site-packages (from flax==0.12.0) (0.2.6)
41.0s 201 Requirement already satisfied: orbax-checkpoint in /usr/local/lib/python3.12/site-packages (from flax==0.12.0) (0.11.31)
41.0s 202 Requirement already satisfied: tensorstore in /usr/local/lib/python3.12/site-packages (from flax==0.12.0) (0.1.80)
41.0s 203 Requirement already satisfied: rich>=11.1 in /usr/local/lib/python3.12/site-packages (from flax==0.12.0) (14.2.0)
41.0s 204 Requirement already satisfied: typing_extensions>=4.2 in /usr/local/lib/python3.12/site-packages (from flax==0.12.0) (4.15.0)
41.0s 205 Requirement already satisfied: PyYAML>=5.4.1 in /usr/local/lib/python3.12/site-packages (from flax==0.12.0) (6.0.3)
41.0s 206 Requirement already satisfied: treescope>=0.1.7 in /usr/local/lib/python3.12/site-packages (from flax==0.12.0) (0.1.10)
41.0s 207 Requirement already satisfied: jaxlib<=0.8.1,>=0.8.1 in /usr/local/lib/python3.12/site-packages (from jax>=0.7.1->flax==0.12.0) (0.8.1)
41.0s 208 Requirement already satisfied: ml_dtypes>=0.5.0 in /usr/local/lib/python3.12/site-packages (from jax>=0.7.1->flax==0.12.0) (0.5.4)
41.0s 209 Requirement already satisfied: opt_einsum in /usr/local/lib/python3.12/site-packages (from jax>=0.7.1->flax==0.12.0) (3.4.0)
41.0s 210 Requirement already satisfied: scipy>=1.13 in /usr/local/lib/python3.12/site-packages (from jax>=0.7.1->flax==0.12.0) (1.17.0rc1)
41.0s 211 Requirement already satisfied: markdown-it-py>=2.2.0 in /usr/local/lib/python3.12/site-packages (from rich>=11.1->flax==0.12.0) (4.0.0)
41.0s 212 Requirement already satisfied: pygments<3.0.0,>=2.13.0 in /usr/local/lib/python3.12/site-packages (from rich>=11.1->flax==0.12.0) (2.19.2)
41.0s 213 Requirement already satisfied: absl-py>=0.7.1 in /usr/local/lib/python3.12/site-packages (from optax->flax==0.12.0) (2.3.1)
41.0s 214 Requirement already satisfied: chex>=0.1.87 in /usr/local/lib/python3.12/site-packages (from optax->flax==0.12.0) (0.1.91)
41.0s 215 Requirement already satisfied: etils[epath,epy] in /usr/local/lib/python3.12/site-packages (from orbax-checkpoint->flax==0.12.0) (1.13.0)
41.0s 216 Requirement already satisfied: nest_asyncio in /usr/local/lib/python3.12/site-packages (from orbax-checkpoint->flax==0.12.0) (1.6.0)
41.0s 217 Requirement already satisfied: aiofiles in /usr/local/lib/python3.12/site-packages (from orbax-checkpoint->flax==0.12.0) (25.1.0)
41.0s 218 Requirement already satisfied: protobuf in /usr/local/lib/python3.12/site-packages (from orbax-checkpoint->flax==0.12.0) (6.33.2)
41.0s 219 Requirement already satisfied: humanize in /usr/local/lib/python3.12/site-packages (from orbax-checkpoint->flax==0.12.0) (4.14.0)
41.0s 220 Requirement already satisfied: simplejson>=3.16.0 in /usr/local/lib/python3.12/site-packages (from orbax-checkpoint->flax==0.12.0) (3.20.2)
41.0s 221 Requirement already satisfied: psutil in /usr/local/lib/python3.12/site-packages (from orbax-checkpoint->flax==0.12.0) (7.1.3)
41.0s 222 Requirement already satisfied: toolz>=1.0.0 in /usr/local/lib/python3.12/site-packages (from chex>=0.1.87->optax->flax==0.12.0) (1.1.0)
41.0s 223 Requirement already satisfied: mdurl~=0.1 in /usr/local/lib/python3.12/site-packages (from markdown-it-py>=2.2.0->rich>=11.1->flax==0.12.0) (0.1.2)
41.0s 224 Requirement already satisfied: fsspec in /usr/local/lib/python3.12/site-packages (from etils[epath,epy]->orbax-checkpoint->flax==0.12.0) (2025.12.0)
41.0s 225 Requirement already satisfied: importlib_resources in /usr/local/lib/python3.12/site-packages (from etils[epath,epy]->orbax-checkpoint->flax==0.12.0) (6.5.2)
41.0s 226 Requirement already satisfied: zipp in /usr/local/lib/python3.12/site-packages (from etils[epath,epy]->orbax-checkpoint->flax==0.12.0) (3.23.0)
41.1s 227 Downloading flax-0.12.0-py3-none-any.whl (466 kB)
41.5s 228 Installing collected packages: flax
41.8s 229 Successfully installed flax-0.12.0
41.8s 230 [33mWARNING: Running pip as the 'root' user can result in broken permissions and conflicting behaviour with the system package manager, possibly rendering your system unusable. It is recommended to use a virtual environment instead: https://pip.pypa.io/warnings/venv. Use the --root-user-action option if you know what you are doing and want to suppress this warning.[0m[33m
41.8s 231 [0m
41.8s 232 [1m[[0m[34;49mnotice[0m[1;39;49m][0m[39;49m A new release of pip is available: [0m[31;49m25.0.1[0m[39;49m -> [0m[32;49m25.3[0m
41.8s 233 [1m[[0m[34;49mnotice[0m[1;39;49m][0m[39;49m To update, run: [0m[32;49mpip install --upgrade pip[0m
44.7s 234 [31mERROR: pip's dependency resolver does not currently take into account all the packages that are installed. This behaviour is the source of the following dependency conflicts.
44.7s 235 gcsfs 2025.12.0 requires fsspec==2025.12.0, but you have fsspec 2024.9.0 which is incompatible.
44.7s 236 distrax 0.1.7 requires chex>=0.1.90, but you have chex 0.1.88 which is incompatible.[0m[31m
44.7s 237 [0m[33mWARNING: Running pip as the 'root' user can result in broken permissions and conflicting behaviour with the system package manager, possibly rendering your system unusable. It is recommended to use a virtual environment instead: https://pip.pypa.io/warnings/venv. Use the --root-user-action option if you know what you are doing and want to suppress this warning.[0m[33m
44.7s 238 [0m
44.7s 239 [1m[[0m[34;49mnotice[0m[1;39;49m][0m[39;49m A new release of pip is available: [0m[31;49m25.0.1[0m[39;49m -> [0m[32;49m25.3[0m
44.7s 240 [1m[[0m[34;49mnotice[0m[1;39;49m][0m[39;49m To update, run: [0m[32;49mpip install --upgrade pip[0m
47.9s 241 /usr/local/lib/python3.12/site-packages/jax/_src/cloud_tpu_init.py:93: UserWarning: Transparent hugepages are not enabled. TPU runtime startup and shutdown time should be significantly improved on TPU v5e and newer. If not already set, you may need to enable transparent hugepages in your VM image (sudo sh -c "echo always > /sys/kernel/mm/transparent_hugepage/enabled")
47.9s 242 warnings.warn(
47.9s 243 
47.9s 244 /usr/local/lib/python3.12/site-packages/jax/_src/cloud_tpu_init.py:93: UserWarning: Transparent hugepages are not enabled. TPU runtime startup and shutdown time should be significantly improved on TPU v5e and newer. If not already set, you may need to enable transparent hugepages in your VM image (sudo sh -c "echo always > /sys/kernel/mm/transparent_hugepage/enabled")
47.9s 245 warnings.warn(
61.3s 246 /usr/local/lib/python3.12/site-packages/pydantic/_internal/_generate_schema.py:2249: UnsupportedFieldAttributeWarning: The 'repr' attribute with value False was provided to the `Field()` function, which has no effect in the context it was used. 'repr' is field-specific metadata, and can only be attached to a model field using `Annotated` metadata or by assignment. This may have happened because an `Annotated` type alias using the `type` statement was used, or if the `Field()` function was attached to a single member of a union type.
61.3s 247 warnings.warn(
61.3s 248 /usr/local/lib/python3.12/site-packages/pydantic/_internal/_generate_schema.py:2249: UnsupportedFieldAttributeWarning: The 'frozen' attribute with value True was provided to the `Field()` function, which has no effect in the context it was used. 'frozen' is field-specific metadata, and can only be attached to a model field using `Annotated` metadata or by assignment. This may have happened because an `Annotated` type alias using the `type` statement was used, or if the `Field()` function was attached to a single member of a union type.
61.3s 249 warnings.warn(
61.3s 250 
61.3s 251 /usr/local/lib/python3.12/site-packages/pydantic/_internal/_generate_schema.py:2249: UnsupportedFieldAttributeWarning: The 'repr' attribute with value False was provided to the `Field()` function, which has no effect in the context it was used. 'repr' is field-specific metadata, and can only be attached to a model field using `Annotated` metadata or by assignment. This may have happened because an `Annotated` type alias using the `type` statement was used, or if the `Field()` function was attached to a single member of a union type.
61.3s 252 warnings.warn(
61.3s 253 /usr/local/lib/python3.12/site-packages/pydantic/_internal/_generate_schema.py:2249: UnsupportedFieldAttributeWarning: The 'frozen' attribute with value True was provided to the `Field()` function, which has no effect in the context it was used. 'frozen' is field-specific metadata, and can only be attached to a model field using `Annotated` metadata or by assignment. This may have happened because an `Annotated` type alias using the `type` statement was used, or if the `Field()` function was attached to a single member of a union type.
61.3s 254 warnings.warn(
78.7s 255 /usr/local/lib/python3.12/site-packages/torch_xla/__init__.py:258: UserWarning: `tensorflow` can conflict with `torch-xla`. Prefer `tensorflow-cpu` when using PyTorch/XLA. To silence this warning, `pip uninstall -y tensorflow && pip install tensorflow-cpu`. If you are in a notebook environment such as Colab or Kaggle, restart your notebook runtime afterwards.
78.7s 256 warnings.warn(
78.7s 257 
78.7s 258 /usr/local/lib/python3.12/site-packages/torch_xla/__init__.py:258: UserWarning: `tensorflow` can conflict with `torch-xla`. Prefer `tensorflow-cpu` when using PyTorch/XLA. To silence this warning, `pip uninstall -y tensorflow && pip install tensorflow-cpu`. If you are in a notebook environment such as Colab or Kaggle, restart your notebook runtime afterwards.
78.7s 259 warnings.warn(
82.6s 260 WARNING: Logging before InitGoogle() is written to STDERR
82.6s 261 E0000 00:00:1767382771.019897      74 common_lib.cc:650] Could not set metric server port: INVALID_ARGUMENT: Could not find SliceBuilder port 8471 in any of the 0 ports provided in `tpu_process_addresses`="local"
82.6s 262 === Source Location Trace: ===
82.6s 263 learning/45eac/tfrc/runtime/common_lib.cc:238
82.8s 264 WARNING: Logging before InitGoogle() is written to STDERR
82.8s 265 E0000 00:00:1767382771.019897      74 common_lib.cc:650] Could not set metric server port: INVALID_ARGUMENT: Could not find SliceBuilder port 8471 in any of the 0 ports provided in `tpu_process_addresses`="local"
82.8s 266 === Source Location Trace: ===
82.8s 267 learning/45eac/tfrc/runtime/common_lib.cc:238
82.8s 268 
82.8s 269 WARNING: Logging before InitGoogle() is written to STDERR
82.8s 270 E0000 00:00:1767382771.019897      74 common_lib.cc:650] Could not set metric server port: INVALID_ARGUMENT: Could not find SliceBuilder port 8471 in any of the 0 ports provided in `tpu_process_addresses`="local"
82.8s 271 === Source Location Trace: ===
82.8s 272 learning/45eac/tfrc/runtime/common_lib.cc:238
90.4s 273 JAX Devices: [TpuDevice(id=0, process_index=0, coords=(0,0,0), core_on_chip=0), TpuDevice(id=1, process_index=0, coords=(1,0,0), core_on_chip=0), TpuDevice(id=2, process_index=0, coords=(0,1,0), core_on_chip=0), TpuDevice(id=3, process_index=0, coords=(1,1,0), core_on_chip=0), TpuDevice(id=4, process_index=0, coords=(0,2,0), core_on_chip=0), TpuDevice(id=5, process_index=0, coords=(1,2,0), core_on_chip=0), TpuDevice(id=6, process_index=0, coords=(0,3,0), core_on_chip=0), TpuDevice(id=7, process_index=0, coords=(1,3,0), core_on_chip=0)]
90.4s 274 TPU Memory on TPU_0(process=0,(0,0,0,0)): 26.5 KiB / 15.7 GiB (0.0%)
90.4s 275 TPU Memory on TPU_1(process=0,(1,0,0,0)): 26.5 KiB / 15.7 GiB (0.0%)
90.4s 276 TPU Memory on TPU_2(process=0,(0,1,0,0)): 26.5 KiB / 15.7 GiB (0.0%)
90.4s 277 TPU Memory on TPU_3(process=0,(1,1,0,0)): 26.5 KiB / 15.7 GiB (0.0%)
90.4s 278 TPU Memory on TPU_4(process=0,(0,2,0,0)): 26.5 KiB / 15.7 GiB (0.0%)
90.4s 279 TPU Memory on TPU_5(process=0,(1,2,0,0)): 26.5 KiB / 15.7 GiB (0.0%)
90.4s 280 TPU Memory on TPU_6(process=0,(0,3,0,0)): 26.5 KiB / 15.7 GiB (0.0%)
90.4s 281 TPU Memory on TPU_7(process=0,(1,3,0,0)): 26.5 KiB / 15.7 GiB (0.0%)
90.5s 282 WandB not enabled: Unexpected response from the service. Response: {'errors': ['No user secrets exist for kernel id 105994697 and label WANDB_API_KEY.'], 'error': {'code': 5}, 'wasSuccessful': False}.
90.5s 283 Proceeding without cloud logging.
90.8s 284 Starting SFT Phase...
94.1s 285 https://symbolize.stripped_domain/r/?trace=7e75ce8396dc,7e77dfe7cdef,7e75ce7b0da4,7e75ce83a370,7e75ce83a770,7e75caf07b15,7e75c07c9aa4,7e75bf46b9bb,7e75bf46b5f1,7e75bf32da40,7e75bf32df2d,7e75bf38b4f9,7e77a520612f,7e77a51f806c,7e77a51f817d,7e77a1b8b69e,7e77a510f0a6,7e77a1a582e5,7e77a1b3bd1f,7e77e023ecf0,7e77e02b770a,7e77e0321278,7e77e0247cab,7e77e024792b,7e77e0231cac,7e77e026a065,7e77e02f4d36,7e77e02d88f3,7e77e01794a2,7e77e02a03bb,7e77dfe66ca7&map=
94.1s 286 *** SIGTERM received by PID 74 (TID 74) on cpu 83, si_code=0, from PID 9; stack trace: ***
95.3s 287 PC: @     0x7e75ce8396dc  (unknown)  absl::synchronization_internal::FutexWaiter::Wait()
95.4s 288 @     0x7e75ce7ae682       1888  FailureSignalHandler()
95.4s 289 @     0x7e77dfe7cdf0  1553565840  (unknown)
95.4s 290 @     0x7e75ce7b0da5         64  AbslInternalPerThreadSemWait
95.5s 291 @     0x7e75ce83a371         64  absl::Mutex::Block()
95.6s 292 @     0x7e75ce83a771        128  absl::Mutex::LockSlowWithDeadline()
95.6s 293 @     0x7e75caf07b16        192  tpu::TpuHal::TearDown()
95.6s 294 @     0x7e75c07c9aa5         96  tpu::System::Shutdown()
95.7s 295 @     0x7e75bf46b9bc         80  xla::TpuSystemState::~TpuSystemState()
95.7s 296 @     0x7e75bf46b5f2         48  xla::TpuStatesManager::~TpuStatesManager()
95.9s 297 @     0x7e75bf32da41         64  xla::TpuClient::~TpuClient()
95.9s 298 @     0x7e75bf32df2e         32  xla::TpuClient::~TpuClient()
95.9s 299 @     0x7e75bf38b4fa         32  pjrt::PJRT_Client_Destroy()
95.9s 300 @     0x7e77a5206130         48  std::_Function_handler<>::_M_invoke()
95.9s 301 @     0x7e77a51f806d         48  xla::PjRtCApiClient::~PjRtCApiClient()
96.0s 302 @     0x7e77a51f817e         32  xla::PjRtCApiClient::~PjRtCApiClient()
96.1s 303 @     0x7e77a1b8b69f         48  xla::ifrt::PjRtClient::~PjRtClient()
100.9s 304 Traceback (most recent call last):
100.9s 305 File "<string>", line 1, in <module>
100.9s 306 File "/usr/local/lib/python3.12/site-packages/papermill/execute.py", line 131, in execute_notebook
100.9s 307 raise_for_execution_errors(nb, output_path)
100.9s 308 File "/usr/local/lib/python3.12/site-packages/papermill/execute.py", line 251, in raise_for_execution_errors
100.9s 309 raise error
100.9s 310 papermill.exceptions.PapermillExecutionError:
100.9s 311 ---------------------------------------------------------------------------
100.9s 312 Exception encountered at "In [4]":
100.9s 313 ---------------------------------------------------------------------------
100.9s 314 TypeError                                 Traceback (most recent call last)
100.9s 315 Cell In[4], line 53
100.9s 316 50 except:
100.9s 317 51     sft_dataset = d1.shuffle(seed=42)
100.9s 318 ---> 53 trainer = peft_trainer.PeftTrainer(
100.9s 319 54     model_name=MODEL_ID,
100.9s 320 55     train_dataset=sft_dataset,
100.9s 321 56     max_steps=SFT_STEPS,
100.9s 322 57     output_dir=SFT_OUTPUT_DIR,
100.9s 323 58     per_device_batch_size=2,
100.9s 324 59     gradient_accumulation_steps=8,
100.9s 325 60     learning_rate=2e-5,
100.9s 326 61     use_lora=True,
100.9s 327 62 )
100.9s 328 63 trainer.train()
100.9s 329 64 trainer.save_model(SFT_OUTPUT_DIR)
100.9s 330 
100.9s 331 TypeError: PeftTrainer.__init__() got an unexpected keyword argument 'model_name'
100.9s 332 
103.7s 333 [NbConvertApp] Converting notebook __notebook__.ipynb to notebook
104.0s 334 [NbConvertApp] Writing 121558 bytes to __notebook__.ipynb
106.3s 335 [NbConvertApp] Converting notebook __notebook__.ipynb to html
107.3s 336 [NbConvertApp] Writing 412668 bytes to __results__.html