8.4s 1 Template variables defined.
13.6s 2 [33mWARNING: Running pip as the 'root' user can result in broken permissions and conflicting behaviour with the system package manager, possibly rendering your system unusable. It is recommended to use a virtual environment instead: https://pip.pypa.io/warnings/venv. Use the --root-user-action option if you know what you are doing and want to suppress this warning.[0m[33m
13.8s 3 [0m
13.8s 4 [1m[[0m[34;49mnotice[0m[1;39;49m][0m[39;49m A new release of pip is available: [0m[31;49m25.0.1[0m[39;49m -> [0m[32;49m25.3[0m
13.8s 5 [1m[[0m[34;49mnotice[0m[1;39;49m][0m[39;49m To update, run: [0m[32;49mpip install --upgrade pip[0m
14.8s 6 [33mWARNING: Running pip as the 'root' user can result in broken permissions and conflicting behaviour with the system package manager, possibly rendering your system unusable. It is recommended to use a virtual environment instead: https://pip.pypa.io/warnings/venv. Use the --root-user-action option if you know what you are doing and want to suppress this warning.[0m[33m
14.8s 7 [0m
14.8s 8 [1m[[0m[34;49mnotice[0m[1;39;49m][0m[39;49m A new release of pip is available: [0m[31;49m25.0.1[0m[39;49m -> [0m[32;49m25.3[0m
14.8s 9 [1m[[0m[34;49mnotice[0m[1;39;49m][0m[39;49m To update, run: [0m[32;49mpip install --upgrade pip[0m
15.8s 10 [33mWARNING: Running pip as the 'root' user can result in broken permissions and conflicting behaviour with the system package manager, possibly rendering your system unusable. It is recommended to use a virtual environment instead: https://pip.pypa.io/warnings/venv. Use the --root-user-action option if you know what you are doing and want to suppress this warning.[0m[33m
15.8s 11 [0m
15.8s 12 [1m[[0m[34;49mnotice[0m[1;39;49m][0m[39;49m A new release of pip is available: [0m[31;49m25.0.1[0m[39;49m -> [0m[32;49m25.3[0m
15.8s 13 [1m[[0m[34;49mnotice[0m[1;39;49m][0m[39;49m To update, run: [0m[32;49mpip install --upgrade pip[0m
16.8s 14 [33mWARNING: Running pip as the 'root' user can result in broken permissions and conflicting behaviour with the system package manager, possibly rendering your system unusable. It is recommended to use a virtual environment instead: https://pip.pypa.io/warnings/venv. Use the --root-user-action option if you know what you are doing and want to suppress this warning.[0m[33m
16.8s 15 [0m
16.8s 16 [1m[[0m[34;49mnotice[0m[1;39;49m][0m[39;49m A new release of pip is available: [0m[31;49m25.0.1[0m[39;49m -> [0m[32;49m25.3[0m
16.8s 17 [1m[[0m[34;49mnotice[0m[1;39;49m][0m[39;49m To update, run: [0m[32;49mpip install --upgrade pip[0m
17.8s 18 [33mWARNING: Running pip as the 'root' user can result in broken permissions and conflicting behaviour with the system package manager, possibly rendering your system unusable. It is recommended to use a virtual environment instead: https://pip.pypa.io/warnings/venv. Use the --root-user-action option if you know what you are doing and want to suppress this warning.[0m[33m
17.8s 19 [0m
17.8s 20 [1m[[0m[34;49mnotice[0m[1;39;49m][0m[39;49m A new release of pip is available: [0m[31;49m25.0.1[0m[39;49m -> [0m[32;49m25.3[0m
17.8s 21 [1m[[0m[34;49mnotice[0m[1;39;49m][0m[39;49m To update, run: [0m[32;49mpip install --upgrade pip[0m
18.8s 22 [33mWARNING: Running pip as the 'root' user can result in broken permissions and conflicting behaviour with the system package manager, possibly rendering your system unusable. It is recommended to use a virtual environment instead: https://pip.pypa.io/warnings/venv. Use the --root-user-action option if you know what you are doing and want to suppress this warning.[0m[33m
18.8s 23 [0m
18.8s 24 [1m[[0m[34;49mnotice[0m[1;39;49m][0m[39;49m A new release of pip is available: [0m[31;49m25.0.1[0m[39;49m -> [0m[32;49m25.3[0m
18.8s 25 [1m[[0m[34;49mnotice[0m[1;39;49m][0m[39;49m To update, run: [0m[32;49mpip install --upgrade pip[0m
19.9s 26 [33mWARNING: Running pip as the 'root' user can result in broken permissions and conflicting behaviour with the system package manager, possibly rendering your system unusable. It is recommended to use a virtual environment instead: https://pip.pypa.io/warnings/venv. Use the --root-user-action option if you know what you are doing and want to suppress this warning.[0m[33m
19.9s 27 [0m
19.9s 28 [1m[[0m[34;49mnotice[0m[1;39;49m][0m[39;49m A new release of pip is available: [0m[31;49m25.0.1[0m[39;49m -> [0m[32;49m25.3[0m
19.9s 29 [1m[[0m[34;49mnotice[0m[1;39;49m][0m[39;49m To update, run: [0m[32;49mpip install --upgrade pip[0m
20.9s 30 [33mWARNING: Running pip as the 'root' user can result in broken permissions and conflicting behaviour with the system package manager, possibly rendering your system unusable. It is recommended to use a virtual environment instead: https://pip.pypa.io/warnings/venv. Use the --root-user-action option if you know what you are doing and want to suppress this warning.[0m[33m
20.9s 31 [0m
20.9s 32 [1m[[0m[34;49mnotice[0m[1;39;49m][0m[39;49m A new release of pip is available: [0m[31;49m25.0.1[0m[39;49m -> [0m[32;49m25.3[0m
20.9s 33 [1m[[0m[34;49mnotice[0m[1;39;49m][0m[39;49m To update, run: [0m[32;49mpip install --upgrade pip[0m
21.5s 34 Collecting google-tunix==0.1.3 (from google-tunix[prod]==0.1.3)
21.5s 35 Downloading google_tunix-0.1.3-py3-none-any.whl.metadata (7.8 kB)
21.6s 36 Requirement already satisfied: datasets in /usr/local/lib/python3.12/site-packages (from google-tunix==0.1.3->google-tunix[prod]==0.1.3) (2.14.4)
21.6s 37 Requirement already satisfied: flax>=0.11.1 in /usr/local/lib/python3.12/site-packages (from google-tunix==0.1.3->google-tunix[prod]==0.1.3) (0.12.1)
21.6s 38 Collecting gcsfs (from google-tunix==0.1.3->google-tunix[prod]==0.1.3)
21.6s 39 Downloading gcsfs-2025.12.0-py3-none-any.whl.metadata (2.1 kB)
21.6s 40 Requirement already satisfied: grain in /usr/local/lib/python3.12/site-packages (from google-tunix==0.1.3->google-tunix[prod]==0.1.3) (0.2.15)
21.6s 41 Requirement already satisfied: huggingface_hub in /usr/local/lib/python3.12/site-packages (from google-tunix==0.1.3->google-tunix[prod]==0.1.3) (0.36.0)
21.6s 42 Requirement already satisfied: jaxtyping in /usr/local/lib/python3.12/site-packages (from google-tunix==0.1.3->google-tunix[prod]==0.1.3) (0.3.4)
21.6s 43 Requirement already satisfied: jinja2 in /usr/local/lib/python3.12/site-packages (from google-tunix==0.1.3->google-tunix[prod]==0.1.3) (3.1.6)
21.6s 44 Requirement already satisfied: kagglehub in /usr/local/lib/python3.12/site-packages (from google-tunix==0.1.3->google-tunix[prod]==0.1.3) (0.3.13)
21.6s 45 Requirement already satisfied: numba in /usr/local/lib/python3.12/site-packages (from google-tunix==0.1.3->google-tunix[prod]==0.1.3) (0.63.0b1)
21.6s 46 Requirement already satisfied: omegaconf in /usr/local/lib/python3.12/site-packages (from google-tunix==0.1.3->google-tunix[prod]==0.1.3) (2.4.0.dev4)
21.6s 47 Requirement already satisfied: python-dotenv in /usr/local/lib/python3.12/site-packages (from google-tunix==0.1.3->google-tunix[prod]==0.1.3) (1.2.1)
21.6s 48 Requirement already satisfied: qwix in /usr/local/lib/python3.12/site-packages (from google-tunix==0.1.3->google-tunix[prod]==0.1.3) (0.1.4)
21.6s 49 Requirement already satisfied: sentencepiece in /usr/local/lib/python3.12/site-packages (from google-tunix==0.1.3->google-tunix[prod]==0.1.3) (0.2.1)
21.6s 50 Requirement already satisfied: tensorboardX in /usr/local/lib/python3.12/site-packages (from google-tunix==0.1.3->google-tunix[prod]==0.1.3) (2.6.4)
21.6s 51 Requirement already satisfied: tensorflow_datasets in /usr/local/lib/python3.12/site-packages (from google-tunix==0.1.3->google-tunix[prod]==0.1.3) (4.9.9)
21.6s 52 Requirement already satisfied: tqdm in /usr/local/lib/python3.12/site-packages (from google-tunix==0.1.3->google-tunix[prod]==0.1.3) (4.67.1)
21.6s 53 Requirement already satisfied: transformers in /usr/local/lib/python3.12/site-packages (from google-tunix==0.1.3->google-tunix[prod]==0.1.3) (4.57.1)
21.6s 54 Requirement already satisfied: hf_transfer in /usr/local/lib/python3.12/site-packages (from google-tunix==0.1.3->google-tunix[prod]==0.1.3) (0.1.9)
21.6s 55 Requirement already satisfied: jax!=0.7.2,>=0.6.0 in /usr/local/lib/python3.12/site-packages (from jax[tpu]!=0.7.2,>=0.6.0; extra == "prod"->google-tunix[prod]==0.1.3) (0.8.1)
21.6s 56 Requirement already satisfied: numpy>=1.23.2 in /usr/local/lib/python3.12/site-packages (from flax>=0.11.1->google-tunix==0.1.3->google-tunix[prod]==0.1.3) (2.4.0rc1)
21.6s 57 Requirement already satisfied: msgpack in /usr/local/lib/python3.12/site-packages (from flax>=0.11.1->google-tunix==0.1.3->google-tunix[prod]==0.1.3) (1.1.2)
21.6s 58 Requirement already satisfied: optax in /usr/local/lib/python3.12/site-packages (from flax>=0.11.1->google-tunix==0.1.3->google-tunix[prod]==0.1.3) (0.2.6)
21.6s 59 Requirement already satisfied: orbax-checkpoint in /usr/local/lib/python3.12/site-packages (from flax>=0.11.1->google-tunix==0.1.3->google-tunix[prod]==0.1.3) (0.11.31)
21.6s 60 Requirement already satisfied: tensorstore in /usr/local/lib/python3.12/site-packages (from flax>=0.11.1->google-tunix==0.1.3->google-tunix[prod]==0.1.3) (0.1.80)
21.6s 61 Requirement already satisfied: rich>=11.1 in /usr/local/lib/python3.12/site-packages (from flax>=0.11.1->google-tunix==0.1.3->google-tunix[prod]==0.1.3) (14.2.0)
21.6s 62 Requirement already satisfied: typing_extensions>=4.2 in /usr/local/lib/python3.12/site-packages (from flax>=0.11.1->google-tunix==0.1.3->google-tunix[prod]==0.1.3) (4.15.0)
21.6s 63 Requirement already satisfied: PyYAML>=5.4.1 in /usr/local/lib/python3.12/site-packages (from flax>=0.11.1->google-tunix==0.1.3->google-tunix[prod]==0.1.3) (6.0.3)
21.6s 64 Requirement already satisfied: treescope>=0.1.7 in /usr/local/lib/python3.12/site-packages (from flax>=0.11.1->google-tunix==0.1.3->google-tunix[prod]==0.1.3) (0.1.10)
21.6s 65 Requirement already satisfied: jaxlib<=0.8.1,>=0.8.1 in /usr/local/lib/python3.12/site-packages (from jax!=0.7.2,>=0.6.0->jax[tpu]!=0.7.2,>=0.6.0; extra == "prod"->google-tunix[prod]==0.1.3) (0.8.1)
21.6s 66 Requirement already satisfied: ml_dtypes>=0.5.0 in /usr/local/lib/python3.12/site-packages (from jax!=0.7.2,>=0.6.0->jax[tpu]!=0.7.2,>=0.6.0; extra == "prod"->google-tunix[prod]==0.1.3) (0.5.4)
21.6s 67 Requirement already satisfied: opt_einsum in /usr/local/lib/python3.12/site-packages (from jax!=0.7.2,>=0.6.0->jax[tpu]!=0.7.2,>=0.6.0; extra == "prod"->google-tunix[prod]==0.1.3) (3.4.0)
21.6s 68 Requirement already satisfied: scipy>=1.13 in /usr/local/lib/python3.12/site-packages (from jax!=0.7.2,>=0.6.0->jax[tpu]!=0.7.2,>=0.6.0; extra == "prod"->google-tunix[prod]==0.1.3) (1.17.0rc1)
21.7s 69 Collecting libtpu==0.0.30.* (from jax[tpu]!=0.7.2,>=0.6.0; extra == "prod"->google-tunix[prod]==0.1.3)
21.7s 70 Downloading libtpu-0.0.30-cp312-cp312-manylinux_2_31_x86_64.whl.metadata (1.2 kB)
21.7s 71 Requirement already satisfied: requests in /usr/local/lib/python3.12/site-packages (from jax[tpu]!=0.7.2,>=0.6.0; extra == "prod"->google-tunix[prod]==0.1.3) (2.32.5)
21.7s 72 Requirement already satisfied: pyarrow>=8.0.0 in /usr/local/lib/python3.12/site-packages (from datasets->google-tunix==0.1.3->google-tunix[prod]==0.1.3) (22.0.0)
21.7s 73 Requirement already satisfied: dill<0.3.8,>=0.3.0 in /usr/local/lib/python3.12/site-packages (from datasets->google-tunix==0.1.3->google-tunix[prod]==0.1.3) (0.3.7)
21.7s 74 Requirement already satisfied: pandas in /usr/local/lib/python3.12/site-packages (from datasets->google-tunix==0.1.3->google-tunix[prod]==0.1.3) (3.0.0rc0)
21.7s 75 Requirement already satisfied: xxhash in /usr/local/lib/python3.12/site-packages (from datasets->google-tunix==0.1.3->google-tunix[prod]==0.1.3) (3.6.0)
21.7s 76 Requirement already satisfied: multiprocess in /usr/local/lib/python3.12/site-packages (from datasets->google-tunix==0.1.3->google-tunix[prod]==0.1.3) (0.70.15)
21.7s 77 Requirement already satisfied: fsspec>=2021.11.1 in /usr/local/lib/python3.12/site-packages (from fsspec[http]>=2021.11.1->datasets->google-tunix==0.1.3->google-tunix[prod]==0.1.3) (2025.12.0)
21.7s 78 Requirement already satisfied: aiohttp in /usr/local/lib/python3.12/site-packages (from datasets->google-tunix==0.1.3->google-tunix[prod]==0.1.3) (3.13.2)
21.7s 79 Requirement already satisfied: packaging in /usr/local/lib/python3.12/site-packages (from datasets->google-tunix==0.1.3->google-tunix[prod]==0.1.3) (25.0)
21.7s 80 Requirement already satisfied: filelock in /usr/local/lib/python3.12/site-packages (from huggingface_hub->google-tunix==0.1.3->google-tunix[prod]==0.1.3) (3.20.0)
21.8s 81 Requirement already satisfied: hf-xet<2.0.0,>=1.1.3 in /usr/local/lib/python3.12/site-packages (from huggingface_hub->google-tunix==0.1.3->google-tunix[prod]==0.1.3) (1.2.1rc0)
21.8s 82 Requirement already satisfied: decorator>4.1.2 in /usr/local/lib/python3.12/site-packages (from gcsfs->google-tunix==0.1.3->google-tunix[prod]==0.1.3) (5.2.1)
21.8s 83 Requirement already satisfied: google-auth>=1.2 in /usr/local/lib/python3.12/site-packages (from gcsfs->google-tunix==0.1.3->google-tunix[prod]==0.1.3) (2.44.0)
21.8s 84 Collecting google-auth-oauthlib (from gcsfs->google-tunix==0.1.3->google-tunix[prod]==0.1.3)
21.8s 85 Downloading google_auth_oauthlib-1.2.3-py3-none-any.whl.metadata (3.1 kB)
21.9s 86 Collecting google-cloud-storage (from gcsfs->google-tunix==0.1.3->google-tunix[prod]==0.1.3)
21.9s 87 Downloading google_cloud_storage-3.7.0-py3-none-any.whl.metadata (14 kB)
21.9s 88 Collecting google-cloud-storage-control (from gcsfs->google-tunix==0.1.3->google-tunix[prod]==0.1.3)
22.0s 89 Downloading google_cloud_storage_control-1.8.0-py3-none-any.whl.metadata (10 kB)
22.0s 90 Requirement already satisfied: absl-py in /usr/local/lib/python3.12/site-packages (from grain->google-tunix==0.1.3->google-tunix[prod]==0.1.3) (2.3.1)
22.0s 91 Requirement already satisfied: array-record>=0.8.1 in /usr/local/lib/python3.12/site-packages (from grain->google-tunix==0.1.3->google-tunix[prod]==0.1.3) (0.8.3)
22.0s 92 Requirement already satisfied: cloudpickle in /usr/local/lib/python3.12/site-packages (from grain->google-tunix==0.1.3->google-tunix[prod]==0.1.3) (3.1.2)
22.0s 93 Requirement already satisfied: etils[epath,epy] in /usr/local/lib/python3.12/site-packages (from grain->google-tunix==0.1.3->google-tunix[prod]==0.1.3) (1.13.0)
22.0s 94 Requirement already satisfied: protobuf>=5.28.3 in /usr/local/lib/python3.12/site-packages (from grain->google-tunix==0.1.3->google-tunix[prod]==0.1.3) (6.33.2)
22.0s 95 Requirement already satisfied: wadler-lindig>=0.1.3 in /usr/local/lib/python3.12/site-packages (from jaxtyping->google-tunix==0.1.3->google-tunix[prod]==0.1.3) (0.1.7)
22.0s 96 Requirement already satisfied: MarkupSafe>=2.0 in /usr/local/lib/python3.12/site-packages (from jinja2->google-tunix==0.1.3->google-tunix[prod]==0.1.3) (3.0.3)
22.0s 97 Requirement already satisfied: llvmlite<0.47,>=0.46.0dev0 in /usr/local/lib/python3.12/site-packages (from numba->google-tunix==0.1.3->google-tunix[prod]==0.1.3) (0.46.0)
22.0s 98 Requirement already satisfied: dm-tree in /usr/local/lib/python3.12/site-packages (from tensorflow_datasets->google-tunix==0.1.3->google-tunix[prod]==0.1.3) (0.1.9)
22.0s 99 Requirement already satisfied: immutabledict in /usr/local/lib/python3.12/site-packages (from tensorflow_datasets->google-tunix==0.1.3->google-tunix[prod]==0.1.3) (4.2.2)
22.0s 100 Requirement already satisfied: promise in /usr/local/lib/python3.12/site-packages (from tensorflow_datasets->google-tunix==0.1.3->google-tunix[prod]==0.1.3) (2.3)
22.0s 101 Requirement already satisfied: psutil in /usr/local/lib/python3.12/site-packages (from tensorflow_datasets->google-tunix==0.1.3->google-tunix[prod]==0.1.3) (7.1.3)
22.0s 102 Requirement already satisfied: simple_parsing in /usr/local/lib/python3.12/site-packages (from tensorflow_datasets->google-tunix==0.1.3->google-tunix[prod]==0.1.3) (0.1.7)
22.0s 103 Requirement already satisfied: tensorflow-metadata in /usr/local/lib/python3.12/site-packages (from tensorflow_datasets->google-tunix==0.1.3->google-tunix[prod]==0.1.3) (1.17.2)
22.0s 104 Requirement already satisfied: termcolor in /usr/local/lib/python3.12/site-packages (from tensorflow_datasets->google-tunix==0.1.3->google-tunix[prod]==0.1.3) (3.2.0)
22.0s 105 Requirement already satisfied: toml in /usr/local/lib/python3.12/site-packages (from tensorflow_datasets->google-tunix==0.1.3->google-tunix[prod]==0.1.3) (0.10.2)
22.0s 106 Requirement already satisfied: wrapt in /usr/local/lib/python3.12/site-packages (from tensorflow_datasets->google-tunix==0.1.3->google-tunix[prod]==0.1.3) (2.0.1)
22.1s 107 Requirement already satisfied: regex!=2019.12.17 in /usr/local/lib/python3.12/site-packages (from transformers->google-tunix==0.1.3->google-tunix[prod]==0.1.3) (2025.11.3)
22.1s 108 Requirement already satisfied: tokenizers<=0.23.0,>=0.22.0 in /usr/local/lib/python3.12/site-packages (from transformers->google-tunix==0.1.3->google-tunix[prod]==0.1.3) (0.22.2rc0)
22.1s 109 Requirement already satisfied: safetensors>=0.4.3 in /usr/local/lib/python3.12/site-packages (from transformers->google-tunix==0.1.3->google-tunix[prod]==0.1.3) (0.7.0)
22.1s 110 Requirement already satisfied: aiohappyeyeballs>=2.5.0 in /usr/local/lib/python3.12/site-packages (from aiohttp->datasets->google-tunix==0.1.3->google-tunix[prod]==0.1.3) (2.6.1)
22.1s 111 Requirement already satisfied: aiosignal>=1.4.0 in /usr/local/lib/python3.12/site-packages (from aiohttp->datasets->google-tunix==0.1.3->google-tunix[prod]==0.1.3) (1.4.0)
22.1s 112 Requirement already satisfied: attrs>=17.3.0 in /usr/local/lib/python3.12/site-packages (from aiohttp->datasets->google-tunix==0.1.3->google-tunix[prod]==0.1.3) (25.4.0)
22.1s 113 Requirement already satisfied: frozenlist>=1.1.1 in /usr/local/lib/python3.12/site-packages (from aiohttp->datasets->google-tunix==0.1.3->google-tunix[prod]==0.1.3) (1.8.0)
22.1s 114 Requirement already satisfied: multidict<7.0,>=4.5 in /usr/local/lib/python3.12/site-packages (from aiohttp->datasets->google-tunix==0.1.3->google-tunix[prod]==0.1.3) (6.7.0)
22.1s 115 Requirement already satisfied: propcache>=0.2.0 in /usr/local/lib/python3.12/site-packages (from aiohttp->datasets->google-tunix==0.1.3->google-tunix[prod]==0.1.3) (0.4.1)
22.1s 116 Requirement already satisfied: yarl<2.0,>=1.17.0 in /usr/local/lib/python3.12/site-packages (from aiohttp->datasets->google-tunix==0.1.3->google-tunix[prod]==0.1.3) (1.22.0)
22.1s 117 Requirement already satisfied: einops in /usr/local/lib/python3.12/site-packages (from etils[edc,enp,epath,epy,etree]>=1.9.1; python_version >= "3.11"->tensorflow_datasets->google-tunix==0.1.3->google-tunix[prod]==0.1.3) (0.8.1)
22.1s 118 Requirement already satisfied: importlib_resources in /usr/local/lib/python3.12/site-packages (from etils[edc,enp,epath,epy,etree]>=1.9.1; python_version >= "3.11"->tensorflow_datasets->google-tunix==0.1.3->google-tunix[prod]==0.1.3) (6.5.2)
22.1s 119 Requirement already satisfied: zipp in /usr/local/lib/python3.12/site-packages (from etils[edc,enp,epath,epy,etree]>=1.9.1; python_version >= "3.11"->tensorflow_datasets->google-tunix==0.1.3->google-tunix[prod]==0.1.3) (3.23.0)
22.1s 120 Requirement already satisfied: cachetools<7.0,>=2.0.0 in /usr/local/lib/python3.12/site-packages (from google-auth>=1.2->gcsfs->google-tunix==0.1.3->google-tunix[prod]==0.1.3) (6.2.4)
22.1s 121 Requirement already satisfied: pyasn1-modules>=0.2.1 in /usr/local/lib/python3.12/site-packages (from google-auth>=1.2->gcsfs->google-tunix==0.1.3->google-tunix[prod]==0.1.3) (0.4.2)
22.1s 122 Requirement already satisfied: rsa<5,>=3.1.4 in /usr/local/lib/python3.12/site-packages (from google-auth>=1.2->gcsfs->google-tunix==0.1.3->google-tunix[prod]==0.1.3) (4.9.1)
22.1s 123 Requirement already satisfied: charset_normalizer<4,>=2 in /usr/local/lib/python3.12/site-packages (from requests->jax[tpu]!=0.7.2,>=0.6.0; extra == "prod"->google-tunix[prod]==0.1.3) (3.4.4)
22.1s 124 Requirement already satisfied: idna<4,>=2.5 in /usr/local/lib/python3.12/site-packages (from requests->jax[tpu]!=0.7.2,>=0.6.0; extra == "prod"->google-tunix[prod]==0.1.3) (3.11)
22.1s 125 Requirement already satisfied: urllib3<3,>=1.21.1 in /usr/local/lib/python3.12/site-packages (from requests->jax[tpu]!=0.7.2,>=0.6.0; extra == "prod"->google-tunix[prod]==0.1.3) (2.6.2)
22.1s 126 Requirement already satisfied: certifi>=2017.4.17 in /usr/local/lib/python3.12/site-packages (from requests->jax[tpu]!=0.7.2,>=0.6.0; extra == "prod"->google-tunix[prod]==0.1.3) (2025.11.12)
22.1s 127 Requirement already satisfied: markdown-it-py>=2.2.0 in /usr/local/lib/python3.12/site-packages (from rich>=11.1->flax>=0.11.1->google-tunix==0.1.3->google-tunix[prod]==0.1.3) (4.0.0)
22.1s 128 Requirement already satisfied: pygments<3.0.0,>=2.13.0 in /usr/local/lib/python3.12/site-packages (from rich>=11.1->flax>=0.11.1->google-tunix==0.1.3->google-tunix[prod]==0.1.3) (2.19.2)
22.2s 129 Collecting google-auth>=1.2 (from gcsfs->google-tunix==0.1.3->google-tunix[prod]==0.1.3)
22.2s 130 Downloading google_auth-2.41.1-py2.py3-none-any.whl.metadata (6.6 kB)
22.3s 131 Collecting requests-oauthlib>=0.7.0 (from google-auth-oauthlib->gcsfs->google-tunix==0.1.3->google-tunix[prod]==0.1.3)
22.3s 132 Downloading requests_oauthlib-2.0.0-py2.py3-none-any.whl.metadata (11 kB)
22.4s 133 Requirement already satisfied: google-api-core<3.0.0,>=2.27.0 in /usr/local/lib/python3.12/site-packages (from google-cloud-storage->gcsfs->google-tunix==0.1.3->google-tunix[prod]==0.1.3) (2.28.1)
22.4s 134 Collecting google-cloud-core<3.0.0,>=2.4.2 (from google-cloud-storage->gcsfs->google-tunix==0.1.3->google-tunix[prod]==0.1.3)
22.4s 135 Downloading google_cloud_core-2.5.0-py3-none-any.whl.metadata (3.1 kB)
22.5s 136 Collecting google-resumable-media<3.0.0,>=2.7.2 (from google-cloud-storage->gcsfs->google-tunix==0.1.3->google-tunix[prod]==0.1.3)
22.5s 137 Downloading google_resumable_media-2.8.0-py3-none-any.whl.metadata (2.6 kB)
22.5s 138 Collecting google-crc32c<2.0.0,>=1.1.3 (from google-cloud-storage->gcsfs->google-tunix==0.1.3->google-tunix[prod]==0.1.3)
22.6s 139 Downloading google_crc32c-1.8.0-cp312-cp312-manylinux1_x86_64.manylinux2014_x86_64.manylinux_2_17_x86_64.manylinux_2_5_x86_64.whl.metadata (1.7 kB)
22.6s 140 Requirement already satisfied: grpcio<2.0.0,>=1.33.2 in /usr/local/lib/python3.12/site-packages (from google-cloud-storage-control->gcsfs->google-tunix==0.1.3->google-tunix[prod]==0.1.3) (1.76.0)
22.6s 141 Requirement already satisfied: proto-plus<2.0.0,>=1.22.3 in /usr/local/lib/python3.12/site-packages (from google-cloud-storage-control->gcsfs->google-tunix==0.1.3->google-tunix[prod]==0.1.3) (1.26.1)
22.7s 142 Collecting grpc-google-iam-v1<1.0.0,>=0.14.0 (from google-cloud-storage-control->gcsfs->google-tunix==0.1.3->google-tunix[prod]==0.1.3)
22.7s 143 Downloading grpc_google_iam_v1-0.14.3-py3-none-any.whl.metadata (9.2 kB)
22.7s 144 Requirement already satisfied: chex>=0.1.87 in /usr/local/lib/python3.12/site-packages (from optax->flax>=0.11.1->google-tunix==0.1.3->google-tunix[prod]==0.1.3) (0.1.91)
22.7s 145 Requirement already satisfied: nest_asyncio in /usr/local/lib/python3.12/site-packages (from orbax-checkpoint->flax>=0.11.1->google-tunix==0.1.3->google-tunix[prod]==0.1.3) (1.6.0)
22.7s 146 Requirement already satisfied: aiofiles in /usr/local/lib/python3.12/site-packages (from orbax-checkpoint->flax>=0.11.1->google-tunix==0.1.3->google-tunix[prod]==0.1.3) (25.1.0)
22.7s 147 Requirement already satisfied: humanize in /usr/local/lib/python3.12/site-packages (from orbax-checkpoint->flax>=0.11.1->google-tunix==0.1.3->google-tunix[prod]==0.1.3) (4.14.0)
22.7s 148 Requirement already satisfied: simplejson>=3.16.0 in /usr/local/lib/python3.12/site-packages (from orbax-checkpoint->flax>=0.11.1->google-tunix==0.1.3->google-tunix[prod]==0.1.3) (3.20.2)
22.7s 149 Requirement already satisfied: python-dateutil>=2.8.2 in /usr/local/lib/python3.12/site-packages (from pandas->datasets->google-tunix==0.1.3->google-tunix[prod]==0.1.3) (2.9.0.post0)
22.7s 150 Requirement already satisfied: tzdata>=2023.3 in /usr/local/lib/python3.12/site-packages (from pandas->datasets->google-tunix==0.1.3->google-tunix[prod]==0.1.3) (2025.3)
22.7s 151 Requirement already satisfied: six in /usr/local/lib/python3.12/site-packages (from promise->tensorflow_datasets->google-tunix==0.1.3->google-tunix[prod]==0.1.3) (1.17.0)
22.7s 152 Requirement already satisfied: docstring-parser<1.0,>=0.15 in /usr/local/lib/python3.12/site-packages (from simple_parsing->tensorflow_datasets->google-tunix==0.1.3->google-tunix[prod]==0.1.3) (0.17.0)
22.7s 153 Requirement already satisfied: googleapis-common-protos<2,>=1.56.4 in /usr/local/lib/python3.12/site-packages (from tensorflow-metadata->tensorflow_datasets->google-tunix==0.1.3->google-tunix[prod]==0.1.3) (1.72.0)
22.8s 154 Requirement already satisfied: toolz>=1.0.0 in /usr/local/lib/python3.12/site-packages (from chex>=0.1.87->optax->flax>=0.11.1->google-tunix==0.1.3->google-tunix[prod]==0.1.3) (1.1.0)
22.8s 155 Collecting grpcio-status<2.0.0,>=1.33.2 (from google-api-core[grpc]!=2.0.*,!=2.1.*,!=2.10.*,!=2.2.*,!=2.3.*,!=2.4.*,!=2.5.*,!=2.6.*,!=2.7.*,!=2.8.*,!=2.9.*,<3.0.0,>=1.34.1->google-cloud-storage-control->gcsfs->google-tunix==0.1.3->google-tunix[prod]==0.1.3)
22.8s 156 Downloading grpcio_status-1.76.0-py3-none-any.whl.metadata (1.1 kB)
22.9s 157 Requirement already satisfied: mdurl~=0.1 in /usr/local/lib/python3.12/site-packages (from markdown-it-py>=2.2.0->rich>=11.1->flax>=0.11.1->google-tunix==0.1.3->google-tunix[prod]==0.1.3) (0.1.2)
23.0s 158 Requirement already satisfied: pyasn1<0.7.0,>=0.6.1 in /usr/local/lib/python3.12/site-packages (from pyasn1-modules>=0.2.1->google-auth>=1.2->gcsfs->google-tunix==0.1.3->google-tunix[prod]==0.1.3) (0.6.1)
23.0s 159 Collecting oauthlib>=3.0.0 (from requests-oauthlib>=0.7.0->google-auth-oauthlib->gcsfs->google-tunix==0.1.3->google-tunix[prod]==0.1.3)
23.0s 160 Downloading oauthlib-3.3.1-py3-none-any.whl.metadata (7.9 kB)
23.1s 161 Downloading google_tunix-0.1.3-py3-none-any.whl (253 kB)
23.2s 162 Downloading libtpu-0.0.30-cp312-cp312-manylinux_2_31_x86_64.whl (192.7 MB)
28.1s 163 [?25l   [90mâ”â”â”â”â”â”â”â”â”â”â”â”â”â”â”â”â”â”â”â”â”â”â”â”â”â”â”â”â”â”â”â”â”â”â”â”â”â”â”â”[0m [32m0.0/192.7 MB[0m [31m?[0m eta [36m-:--:--[0m[2K   [91mâ”â”â”â”â”â”â”â”â”[0m[91mâ•¸[0m[90mâ”â”â”â”â”â”â”â”â”â”â”â”â”â”â”â”â”â”â”â”â”â”â”â”â”â”â”â”â”â”[0m [32m47.4/192.7 MB[0m [31m239.2 MB/s[0m eta [36m0:00:01[0m[2K   [91mâ”â”â”â”â”â”â”â”â”â”â”â”â”â”â”â”â”â”â”â”[0m[91mâ•¸[0m[90mâ”â”â”â”â”â”â”â”â”â”â”â”â”â”â”â”â”â”[0m [32m101.4/192.7 MB[0m [31m253.7 MB/s[0m eta [36m0:00:01[0m[2K   [91mâ”â”â”â”â”â”â”â”â”â”â”â”â”â”â”â”â”â”â”â”â”â”â”â”â”â”â”â”â”â”â”[0m[90mâ•º[0m[90mâ”â”â”â”â”â”â”[0m [32m154.1/192.7 MB[0m [31m257.7 MB/s[0m eta [36m0:00:01[0m[2K   [91mâ”â”â”â”â”â”â”â”â”â”â”â”â”â”â”â”â”â”â”â”â”â”â”â”â”â”â”â”â”â”â”â”â”â”â”â”â”â”[0m[91mâ•¸[0m [32m192.7/192.7 MB[0m [31m258.9 MB/s[0m eta [36m0:00:01[0m[2K   [91mâ”â”â”â”â”â”â”â”â”â”â”â”â”â”â”â”â”â”â”â”â”â”â”â”â”â”â”â”â”â”â”â”â”â”â”â”â”â”[0m[91mâ•¸[0m [32m192.7/192.7 MB[0m [31m258.9 MB/s[0m eta [36m0:00:01[0m[2K   [91mâ”â”â”â”â”â”â”â”â”â”â”â”â”â”â”â”â”â”â”â”â”â”â”â”â”â”â”â”â”â”â”â”â”â”â”â”â”â”[0m[91mâ•¸[0m [32m192.7/192.7 MB[0m [31m258.9 MB/s[0m eta [36m0:00:01[0m[2K   [91mâ”â”â”â”â”â”â”â”â”â”â”â”â”â”â”â”â”â”â”â”â”â”â”â”â”â”â”â”â”â”â”â”â”â”â”â”â”â”[0m[91mâ•¸[0m [32m192.7/192.7 MB[0m [31m258.9 MB/s[0m eta [36m0:00:01[0m[2K   [91mâ”â”â”â”â”â”â”â”â”â”â”â”â”â”â”â”â”â”â”â”â”â”â”â”â”â”â”â”â”â”â”â”â”â”â”â”â”â”[0m[91mâ•¸[0m [32m192.7/192.7 MB[0m [31m258.9 MB/s[0m eta [36m0:00:01[0m[2K   [91mâ”â”â”â”â”â”â”â”â”â”â”â”â”â”â”â”â”â”â”â”â”â”â”â”â”â”â”â”â”â”â”â”â”â”â”â”â”â”[0m[91mâ•¸[0m [32m192.7/192.7 MB[0m [31m258.9 MB/s[0m eta [36m0:00:01[0m[2K   [91mâ”â”â”â”â”â”â”â”â”â”â”â”â”â”â”â”â”â”â”â”â”â”â”â”â”â”â”â”â”â”â”â”â”â”â”â”â”â”[0m[91mâ•¸[0m [32m192.7/192.7 MB[0m [31m258.9 MB/s[0m eta [36m0:00:01[0m[2K   [91mâ”â”â”â”â”â”â”â”â”â”â”â”â”â”â”â”â”â”â”â”â”â”â”â”â”â”â”â”â”â”â”â”â”â”â”â”â”â”[0m[91mâ•¸[0m [32m192.7/192.7 MB[0m [31m258.9 MB/s[0m eta [36m0:00:01[0m[2K   [91mâ”â”â”â”â”â”â”â”â”â”â”â”â”â”â”â”â”â”â”â”â”â”â”â”â”â”â”â”â”â”â”â”â”â”â”â”â”â”[0m[91mâ•¸[0m [32m192.7/192.7 MB[0m [31m258.9 MB/s[0m eta [36m0:00:01[0m[2K   [91mâ”â”â”â”â”â”â”â”â”â”â”â”â”â”â”â”â”â”â”â”â”â”â”â”â”â”â”â”â”â”â”â”â”â”â”â”â”â”[0m[91mâ•¸[0m [32m192.7/192.7 MB[0m [31m258.9 MB/s[0m eta [36m0:00:01[0m[2K   [91mâ”â”â”â”â”â”â”â”â”â”â”â”â”â”â”â”â”â”â”â”â”â”â”â”â”â”â”â”â”â”â”â”â”â”â”â”â”â”[0m[91mâ•¸[0m [32m192.7/192.7 MB[0m [31m258.9 MB/s[0m eta [36m0:00:01[0m[2K   [91mâ”â”â”â”â”â”â”â”â”â”â”â”â”â”â”â”â”â”â”â”â”â”â”â”â”â”â”â”â”â”â”â”â”â”â”â”â”â”[0m[91mâ•¸[0m [32m192.7/192.7 MB[0m [31m258.9 MB/s[0m eta [36m0:00:01[0m[2K   [91mâ”â”â”â”â”â”â”â”â”â”â”â”â”â”â”â”â”â”â”â”â”â”â”â”â”â”â”â”â”â”â”â”â”â”â”â”â”â”[0m[91mâ•¸[0m [32m192.7/192.7 MB[0m [31m258.9 MB/s[0m eta [36m0:00:01[0m[2K   [91mâ”â”â”â”â”â”â”â”â”â”â”â”â”â”â”â”â”â”â”â”â”â”â”â”â”â”â”â”â”â”â”â”â”â”â”â”â”â”[0m[91mâ•¸[0m [32m192.7/192.7 MB[0m [31m258.9 MB/s[0m eta [36m0:00:01[0m[2K   [91mâ”â”â”â”â”â”â”â”â”â”â”â”â”â”â”â”â”â”â”â”â”â”â”â”â”â”â”â”â”â”â”â”â”â”â”â”â”â”[0m[91mâ•¸[0m [32m192.7/192.7 MB[0m [31m258.9 MB/s[0m eta [36m0:00:01[0m[2K   [91mâ”â”â”â”â”â”â”â”â”â”â”â”â”â”â”â”â”â”â”â”â”â”â”â”â”â”â”â”â”â”â”â”â”â”â”â”â”â”[0m[91mâ•¸[0m [32m192.7/192.7 MB[0m [31m258.9 MB/s[0m eta [36m0:00:01[0m[2K   [91mâ”â”â”â”â”â”â”â”â”â”â”â”â”â”â”â”â”â”â”â”â”â”â”â”â”â”â”â”â”â”â”â”â”â”â”â”â”â”[0m[91mâ•¸[0m [32m192.7/192.7 MB[0m [31m258.9 MB/s[0m eta [36m0:00:01[0m[2K   [91mâ”â”â”â”â”â”â”â”â”â”â”â”â”â”â”â”â”â”â”â”â”â”â”â”â”â”â”â”â”â”â”â”â”â”â”â”â”â”[0m[91mâ•¸[0m [32m192.7/192.7 MB[0m [31m258.9 MB/s[0m eta [36m0:00:01[0m[2K   [91mâ”â”â”â”â”â”â”â”â”â”â”â”â”â”â”â”â”â”â”â”â”â”â”â”â”â”â”â”â”â”â”â”â”â”â”â”â”â”[0m[91mâ•¸[0m [32m192.7/192.7 MB[0m [31m258.9 MB/s[0m eta [36m0:00:01[0m[2K   [91mâ”â”â”â”â”â”â”â”â”â”â”â”â”â”â”â”â”â”â”â”â”â”â”â”â”â”â”â”â”â”â”â”â”â”â”â”â”â”[0m[91mâ•¸[0m [32m192.7/192.7 MB[0m [31m258.9 MB/s[0m eta [36m0:00:01[0m[2K   [91mâ”â”â”â”â”â”â”â”â”â”â”â”â”â”â”â”â”â”â”â”â”â”â”â”â”â”â”â”â”â”â”â”â”â”â”â”â”â”[0m[91mâ•¸[0m [32m192.7/192.7 MB[0m [31m258.9 MB/s[0m eta [36m0:00:01[0m[2K   [90mâ”â”â”â”â”â”â”â”â”â”â”â”â”â”â”â”â”â”â”â”â”â”â”â”â”â”â”â”â”â”â”â”â”â”â”â”â”â”â”â”[0m [32m192.7/192.7 MB[0m [31m39.2 MB/s[0m eta [36m0:00:00[0m
28.1s 164 [?25hDownloading gcsfs-2025.12.0-py3-none-any.whl (41 kB)
28.3s 165 Downloading google_auth_oauthlib-1.2.3-py3-none-any.whl (19 kB)
28.4s 166 Downloading google_auth-2.41.1-py2.py3-none-any.whl (221 kB)
28.4s 167 Downloading google_cloud_storage-3.7.0-py3-none-any.whl (303 kB)
28.4s 168 Downloading google_cloud_storage_control-1.8.0-py3-none-any.whl (86 kB)
28.5s 169 Downloading google_cloud_core-2.5.0-py3-none-any.whl (29 kB)
28.5s 170 Downloading google_crc32c-1.8.0-cp312-cp312-manylinux1_x86_64.manylinux2014_x86_64.manylinux_2_17_x86_64.manylinux_2_5_x86_64.whl (33 kB)
28.5s 171 Downloading google_resumable_media-2.8.0-py3-none-any.whl (81 kB)
28.6s 172 Downloading grpc_google_iam_v1-0.14.3-py3-none-any.whl (32 kB)
28.6s 173 Downloading requests_oauthlib-2.0.0-py2.py3-none-any.whl (24 kB)
28.6s 174 Downloading grpcio_status-1.76.0-py3-none-any.whl (14 kB)
28.6s 175 Downloading oauthlib-3.3.1-py3-none-any.whl (160 kB)
29.3s 176 Installing collected packages: oauthlib, libtpu, google-crc32c, requests-oauthlib, grpcio-status, google-resumable-media, google-auth, grpc-google-iam-v1, google-auth-oauthlib, google-cloud-core, google-cloud-storage-control, google-cloud-storage, gcsfs, google-tunix
29.4s 177 Attempting uninstall: libtpu
29.4s 178 Found existing installation: libtpu 0.0.17
29.4s 179 Uninstalling libtpu-0.0.17:
31.8s 180 Successfully uninstalled libtpu-0.0.17
33.9s 181 Attempting uninstall: google-auth
33.9s 182 Found existing installation: google-auth 2.44.0
33.9s 183 Uninstalling google-auth-2.44.0:
34.0s 184 Successfully uninstalled google-auth-2.44.0
37.2s 185 Attempting uninstall: google-tunix
37.2s 186 Found existing installation: google-tunix 0.1.6
37.2s 187 Uninstalling google-tunix-0.1.6:
37.4s 188 Successfully uninstalled google-tunix-0.1.6
39.6s 189 Successfully installed gcsfs-2025.12.0 google-auth-2.41.1 google-auth-oauthlib-1.2.3 google-cloud-core-2.5.0 google-cloud-storage-3.7.0 google-cloud-storage-control-1.8.0 google-crc32c-1.8.0 google-resumable-media-2.8.0 google-tunix-0.1.3 grpc-google-iam-v1-0.14.3 grpcio-status-1.76.0 libtpu-0.0.30 oauthlib-3.3.1 requests-oauthlib-2.0.0
39.6s 190 [33mWARNING: Running pip as the 'root' user can result in broken permissions and conflicting behaviour with the system package manager, possibly rendering your system unusable. It is recommended to use a virtual environment instead: https://pip.pypa.io/warnings/venv. Use the --root-user-action option if you know what you are doing and want to suppress this warning.[0m[33m
39.6s 191 [0m
39.6s 192 [1m[[0m[34;49mnotice[0m[1;39;49m][0m[39;49m A new release of pip is available: [0m[31;49m25.0.1[0m[39;49m -> [0m[32;49m25.3[0m
39.6s 193 [1m[[0m[34;49mnotice[0m[1;39;49m][0m[39;49m To update, run: [0m[32;49mpip install --upgrade pip[0m
40.3s 194 [33mWARNING: Running pip as the 'root' user can result in broken permissions and conflicting behaviour with the system package manager, possibly rendering your system unusable. It is recommended to use a virtual environment instead: https://pip.pypa.io/warnings/venv. Use the --root-user-action option if you know what you are doing and want to suppress this warning.[0m[33m
40.9s 195 [0mCollecting flax==0.12.0
40.9s 196 Downloading flax-0.12.0-py3-none-any.whl.metadata (11 kB)
41.0s 197 Requirement already satisfied: numpy>=1.23.2 in /usr/local/lib/python3.12/site-packages (from flax==0.12.0) (2.4.0rc1)
41.0s 198 Requirement already satisfied: jax>=0.7.1 in /usr/local/lib/python3.12/site-packages (from flax==0.12.0) (0.8.1)
41.0s 199 Requirement already satisfied: msgpack in /usr/local/lib/python3.12/site-packages (from flax==0.12.0) (1.1.2)
41.0s 200 Requirement already satisfied: optax in /usr/local/lib/python3.12/site-packages (from flax==0.12.0) (0.2.6)
41.0s 201 Requirement already satisfied: orbax-checkpoint in /usr/local/lib/python3.12/site-packages (from flax==0.12.0) (0.11.31)
41.0s 202 Requirement already satisfied: tensorstore in /usr/local/lib/python3.12/site-packages (from flax==0.12.0) (0.1.80)
41.0s 203 Requirement already satisfied: rich>=11.1 in /usr/local/lib/python3.12/site-packages (from flax==0.12.0) (14.2.0)
41.0s 204 Requirement already satisfied: typing_extensions>=4.2 in /usr/local/lib/python3.12/site-packages (from flax==0.12.0) (4.15.0)
41.0s 205 Requirement already satisfied: PyYAML>=5.4.1 in /usr/local/lib/python3.12/site-packages (from flax==0.12.0) (6.0.3)
41.0s 206 Requirement already satisfied: treescope>=0.1.7 in /usr/local/lib/python3.12/site-packages (from flax==0.12.0) (0.1.10)
41.0s 207 Requirement already satisfied: jaxlib<=0.8.1,>=0.8.1 in /usr/local/lib/python3.12/site-packages (from jax>=0.7.1->flax==0.12.0) (0.8.1)
41.0s 208 Requirement already satisfied: ml_dtypes>=0.5.0 in /usr/local/lib/python3.12/site-packages (from jax>=0.7.1->flax==0.12.0) (0.5.4)
41.0s 209 Requirement already satisfied: opt_einsum in /usr/local/lib/python3.12/site-packages (from jax>=0.7.1->flax==0.12.0) (3.4.0)
41.0s 210 Requirement already satisfied: scipy>=1.13 in /usr/local/lib/python3.12/site-packages (from jax>=0.7.1->flax==0.12.0) (1.17.0rc1)
41.0s 211 Requirement already satisfied: markdown-it-py>=2.2.0 in /usr/local/lib/python3.12/site-packages (from rich>=11.1->flax==0.12.0) (4.0.0)
41.0s 212 Requirement already satisfied: pygments<3.0.0,>=2.13.0 in /usr/local/lib/python3.12/site-packages (from rich>=11.1->flax==0.12.0) (2.19.2)
41.0s 213 Requirement already satisfied: absl-py>=0.7.1 in /usr/local/lib/python3.12/site-packages (from optax->flax==0.12.0) (2.3.1)
41.0s 214 Requirement already satisfied: chex>=0.1.87 in /usr/local/lib/python3.12/site-packages (from optax->flax==0.12.0) (0.1.91)
41.0s 215 Requirement already satisfied: etils[epath,epy] in /usr/local/lib/python3.12/site-packages (from orbax-checkpoint->flax==0.12.0) (1.13.0)
41.0s 216 Requirement already satisfied: nest_asyncio in /usr/local/lib/python3.12/site-packages (from orbax-checkpoint->flax==0.12.0) (1.6.0)
41.0s 217 Requirement already satisfied: aiofiles in /usr/local/lib/python3.12/site-packages (from orbax-checkpoint->flax==0.12.0) (25.1.0)
41.0s 218 Requirement already satisfied: protobuf in /usr/local/lib/python3.12/site-packages (from orbax-checkpoint->flax==0.12.0) (6.33.2)
41.0s 219 Requirement already satisfied: humanize in /usr/local/lib/python3.12/site-packages (from orbax-checkpoint->flax==0.12.0) (4.14.0)
41.0s 220 Requirement already satisfied: simplejson>=3.16.0 in /usr/local/lib/python3.12/site-packages (from orbax-checkpoint->flax==0.12.0) (3.20.2)
41.0s 221 Requirement already satisfied: psutil in /usr/local/lib/python3.12/site-packages (from orbax-checkpoint->flax==0.12.0) (7.1.3)
41.0s 222 Requirement already satisfied: toolz>=1.0.0 in /usr/local/lib/python3.12/site-packages (from chex>=0.1.87->optax->flax==0.12.0) (1.1.0)
41.0s 223 Requirement already satisfied: mdurl~=0.1 in /usr/local/lib/python3.12/site-packages (from markdown-it-py>=2.2.0->rich>=11.1->flax==0.12.0) (0.1.2)
41.0s 224 Requirement already satisfied: fsspec in /usr/local/lib/python3.12/site-packages (from etils[epath,epy]->orbax-checkpoint->flax==0.12.0) (2025.12.0)
41.0s 225 Requirement already satisfied: importlib_resources in /usr/local/lib/python3.12/site-packages (from etils[epath,epy]->orbax-checkpoint->flax==0.12.0) (6.5.2)
41.0s 226 Requirement already satisfied: zipp in /usr/local/lib/python3.12/site-packages (from etils[epath,epy]->orbax-checkpoint->flax==0.12.0) (3.23.0)
41.1s 227 Downloading flax-0.12.0-py3-none-any.whl (466 kB)
41.5s 228 Installing collected packages: flax
41.8s 229 Successfully installed flax-0.12.0
41.8s 230 [33mWARNING: Running pip as the 'root' user can result in broken permissions and conflicting behaviour with the system package manager, possibly rendering your system unusable. It is recommended to use a virtual environment instead: https://pip.pypa.io/warnings/venv. Use the --root-user-action option if you know what you are doing and want to suppress this warning.[0m[33m
41.8s 231 [0m
41.8s 232 [1m[[0m[34;49mnotice[0m[1;39;49m][0m[39;49m A new release of pip is available: [0m[31;49m25.0.1[0m[39;49m -> [0m[32;49m25.3[0m
41.8s 233 [1m[[0m[34;49mnotice[0m[1;39;49m][0m[39;49m To update, run: [0m[32;49mpip install --upgrade pip[0m
43.8s 234 [31mERROR: pip's dependency resolver does not currently take into account all the packages that are installed. This behaviour is the source of the following dependency conflicts.
43.8s 235 distrax 0.1.7 requires chex>=0.1.90, but you have chex 0.1.88 which is incompatible.[0m[31m
43.8s 236 [0m[33mWARNING: Running pip as the 'root' user can result in broken permissions and conflicting behaviour with the system package manager, possibly rendering your system unusable. It is recommended to use a virtual environment instead: https://pip.pypa.io/warnings/venv. Use the --root-user-action option if you know what you are doing and want to suppress this warning.[0m[33m
43.8s 237 [0m
43.8s 238 [1m[[0m[34;49mnotice[0m[1;39;49m][0m[39;49m A new release of pip is available: [0m[31;49m25.0.1[0m[39;49m -> [0m[32;49m25.3[0m
43.8s 239 [1m[[0m[34;49mnotice[0m[1;39;49m][0m[39;49m To update, run: [0m[32;49mpip install --upgrade pip[0m
47.0s 240 /usr/local/lib/python3.12/site-packages/jax/_src/cloud_tpu_init.py:93: UserWarning: Transparent hugepages are not enabled. TPU runtime startup and shutdown time should be significantly improved on TPU v5e and newer. If not already set, you may need to enable transparent hugepages in your VM image (sudo sh -c "echo always > /sys/kernel/mm/transparent_hugepage/enabled")
47.0s 241 warnings.warn(
47.0s 242 
47.0s 243 /usr/local/lib/python3.12/site-packages/jax/_src/cloud_tpu_init.py:93: UserWarning: Transparent hugepages are not enabled. TPU runtime startup and shutdown time should be significantly improved on TPU v5e and newer. If not already set, you may need to enable transparent hugepages in your VM image (sudo sh -c "echo always > /sys/kernel/mm/transparent_hugepage/enabled")
47.0s 244 warnings.warn(
53.5s 245 Traceback (most recent call last):
53.5s 246 File "<string>", line 1, in <module>
53.5s 247 File "/usr/local/lib/python3.12/site-packages/papermill/execute.py", line 131, in execute_notebook
53.5s 248 raise_for_execution_errors(nb, output_path)
53.5s 249 File "/usr/local/lib/python3.12/site-packages/papermill/execute.py", line 251, in raise_for_execution_errors
53.5s 250 raise error
53.5s 251 papermill.exceptions.PapermillExecutionError:
53.5s 252 ---------------------------------------------------------------------------
53.5s 253 Exception encountered at "In [2]":
53.5s 254 ---------------------------------------------------------------------------
53.5s 255 AttributeError                            Traceback (most recent call last)
53.5s 256 Cell In[2], line 37
53.5s 257 35 import optax
53.5s 258 36 import re
53.5s 259 ---> 37 import datasets
53.5s 260 38 from tunix.sft import peft_trainer
53.5s 261 39 from tunix.rl.grpo import grpo_learner
53.5s 262 
53.5s 263 File /usr/local/lib/python3.12/site-packages/datasets/__init__.py:22
53.5s 264 1 # flake8: noqa
53.5s 265 2 # Copyright 2020 The HuggingFace Datasets Authors and the TensorFlow Datasets Authors.
53.5s 266 3 #
53.5s 267 (...)     17 # pylint: enable=line-too-long
53.5s 268 18 # pylint: disable=g-import-not-at-top,g-bad-import-order,wrong-import-position
53.5s 269 20 __version__ = "2.14.4"
53.5s 270 ---> 22 from .arrow_dataset import Dataset
53.5s 271 23 from .arrow_reader import ReadInstruction
53.5s 272 24 from .builder import ArrowBasedBuilder, BeamBasedBuilder, BuilderConfig, DatasetBuilder, GeneratorBasedBuilder
53.5s 273 
53.5s 274 File /usr/local/lib/python3.12/site-packages/datasets/arrow_dataset.py:67
53.5s 275 65 from . import config
53.5s 276 66 from .arrow_reader import ArrowReader
53.5s 277 ---> 67 from .arrow_writer import ArrowWriter, OptimizedTypedSequence
53.5s 278 68 from .data_files import sanitize_patterns
53.5s 279 69 from .download.download_config import DownloadConfig
53.5s 280 
53.5s 281 File /usr/local/lib/python3.12/site-packages/datasets/arrow_writer.py:27
53.5s 282 24 import pyarrow.parquet as pq
53.5s 283 26 from . import config
53.5s 284 ---> 27 from .features import Features, Image, Value
53.5s 285 28 from .features.features import (
53.5s 286 29     FeatureType,
53.5s 287 30     _ArrayXDExtensionType,
53.5s 288 (...)     36     to_pyarrow_listarray,
53.5s 289 37 )
53.5s 290 38 from .filesystems import is_remote_filesystem
53.5s 291 
53.5s 292 File /usr/local/lib/python3.12/site-packages/datasets/features/__init__.py:18
53.5s 293 3 __all__ = [
53.5s 294 4     "Audio",
53.5s 295 5     "Array2D",
53.5s 296 (...)     15     "TranslationVariableLanguages",
53.5s 297 16 ]
53.5s 298 17 from .audio import Audio
53.5s 299 ---> 18 from .features import Array2D, Array3D, Array4D, Array5D, ClassLabel, Features, Sequence, Value
53.5s 300 19 from .image import Image
53.5s 301 20 from .translation import Translation, TranslationVariableLanguages
53.5s 302 
53.5s 303 File /usr/local/lib/python3.12/site-packages/datasets/features/features.py:634
53.5s 304 630     # Automatically constructed
53.5s 305 631     _type: str = field(default="Array5D", init=False, repr=False)
53.5s 306 --> 634 class _ArrayXDExtensionType(pa.PyExtensionType):
53.5s 307 635     ndims: Optional[int] = None
53.5s 308 637     def __init__(self, shape: tuple, dtype: str):
53.5s 309 
53.5s 310 AttributeError: module 'pyarrow' has no attribute 'PyExtensionType'
53.5s 311 
56.4s 312 [NbConvertApp] Converting notebook __notebook__.ipynb to notebook
56.7s 313 [NbConvertApp] Writing 77192 bytes to __notebook__.ipynb
59.0s 314 [NbConvertApp] Converting notebook __notebook__.ipynb to html
60.0s 315 [NbConvertApp] Writing 380871 bytes to __results__.html